<?xml version="1.0" encoding="UTF-8"?>
<testsuite name="com.example.parseLogs.ParseLogsApplicationTests" tests="3" skipped="0" failures="0" errors="0" timestamp="2021-05-06T11:59:37" hostname="MacBook-Pro.local" time="5.359">
  <properties/>
  <testcase name="getLogs()" classname="com.example.parseLogs.ParseLogsApplicationTests" time="3.45"/>
  <testcase name="contextLoads()" classname="com.example.parseLogs.ParseLogsApplicationTests" time="0.002"/>
  <testcase name="addToDataBase()" classname="com.example.parseLogs.ParseLogsApplicationTests" time="1.906"/>
  <system-out><![CDATA[14:59:28.763 [Test worker] DEBUG org.springframework.test.context.BootstrapUtils - Instantiating CacheAwareContextLoaderDelegate from class [org.springframework.test.context.cache.DefaultCacheAwareContextLoaderDelegate]
14:59:28.777 [Test worker] DEBUG org.springframework.test.context.BootstrapUtils - Instantiating BootstrapContext using constructor [public org.springframework.test.context.support.DefaultBootstrapContext(java.lang.Class,org.springframework.test.context.CacheAwareContextLoaderDelegate)]
14:59:28.802 [Test worker] DEBUG org.springframework.test.context.BootstrapUtils - Instantiating TestContextBootstrapper for test class [com.example.parseLogs.ParseLogsApplicationTests] from class [org.springframework.boot.test.context.SpringBootTestContextBootstrapper]
14:59:28.820 [Test worker] INFO org.springframework.boot.test.context.SpringBootTestContextBootstrapper - Neither @ContextConfiguration nor @ContextHierarchy found for test class [com.example.parseLogs.ParseLogsApplicationTests], using SpringBootContextLoader
14:59:28.823 [Test worker] DEBUG org.springframework.test.context.support.AbstractContextLoader - Did not detect default resource location for test class [com.example.parseLogs.ParseLogsApplicationTests]: class path resource [com/example/parseLogs/ParseLogsApplicationTests-context.xml] does not exist
14:59:28.824 [Test worker] DEBUG org.springframework.test.context.support.AbstractContextLoader - Did not detect default resource location for test class [com.example.parseLogs.ParseLogsApplicationTests]: class path resource [com/example/parseLogs/ParseLogsApplicationTestsContext.groovy] does not exist
14:59:28.824 [Test worker] INFO org.springframework.test.context.support.AbstractContextLoader - Could not detect default resource locations for test class [com.example.parseLogs.ParseLogsApplicationTests]: no resource found for suffixes {-context.xml, Context.groovy}.
14:59:28.825 [Test worker] INFO org.springframework.test.context.support.AnnotationConfigContextLoaderUtils - Could not detect default configuration classes for test class [com.example.parseLogs.ParseLogsApplicationTests]: ParseLogsApplicationTests does not declare any static, non-private, non-final, nested classes annotated with @Configuration.
14:59:28.865 [Test worker] DEBUG org.springframework.test.context.support.ActiveProfilesUtils - Could not find an 'annotation declaring class' for annotation type [org.springframework.test.context.ActiveProfiles] and class [com.example.parseLogs.ParseLogsApplicationTests]
14:59:28.925 [Test worker] DEBUG org.springframework.context.annotation.ClassPathScanningCandidateComponentProvider - Identified candidate component class: file [/Users/maxwell/IDEAProject/2/microservice/build/classes/java/main/com/example/parseLogs/ParseLogsApplication.class]
14:59:28.926 [Test worker] INFO org.springframework.boot.test.context.SpringBootTestContextBootstrapper - Found @SpringBootConfiguration com.example.parseLogs.ParseLogsApplication for test class com.example.parseLogs.ParseLogsApplicationTests
14:59:29.016 [Test worker] DEBUG org.springframework.boot.test.context.SpringBootTestContextBootstrapper - @TestExecutionListeners is not present for class [com.example.parseLogs.ParseLogsApplicationTests]: using defaults.
14:59:29.016 [Test worker] INFO org.springframework.boot.test.context.SpringBootTestContextBootstrapper - Loaded default TestExecutionListener class names from location [META-INF/spring.factories]: [org.springframework.boot.test.autoconfigure.restdocs.RestDocsTestExecutionListener, org.springframework.boot.test.autoconfigure.web.client.MockRestServiceServerResetTestExecutionListener, org.springframework.boot.test.autoconfigure.web.servlet.MockMvcPrintOnlyOnFailureTestExecutionListener, org.springframework.boot.test.autoconfigure.web.servlet.WebDriverTestExecutionListener, org.springframework.boot.test.autoconfigure.webservices.client.MockWebServiceServerTestExecutionListener, org.springframework.boot.test.mock.mockito.MockitoTestExecutionListener, org.springframework.boot.test.mock.mockito.ResetMocksTestExecutionListener, org.springframework.test.context.web.ServletTestExecutionListener, org.springframework.test.context.support.DirtiesContextBeforeModesTestExecutionListener, org.springframework.test.context.support.DependencyInjectionTestExecutionListener, org.springframework.test.context.support.DirtiesContextTestExecutionListener, org.springframework.test.context.transaction.TransactionalTestExecutionListener, org.springframework.test.context.jdbc.SqlScriptsTestExecutionListener, org.springframework.test.context.event.EventPublishingTestExecutionListener]
14:59:29.034 [Test worker] INFO org.springframework.boot.test.context.SpringBootTestContextBootstrapper - Using TestExecutionListeners: [org.springframework.test.context.web.ServletTestExecutionListener@2a3256b3, org.springframework.test.context.support.DirtiesContextBeforeModesTestExecutionListener@3fd54fbb, org.springframework.boot.test.mock.mockito.MockitoTestExecutionListener@67531122, org.springframework.boot.test.autoconfigure.SpringBootDependencyInjectionTestExecutionListener@2a0df988, org.springframework.test.context.support.DirtiesContextTestExecutionListener@1232a5b4, org.springframework.test.context.transaction.TransactionalTestExecutionListener@70f98de, org.springframework.test.context.jdbc.SqlScriptsTestExecutionListener@78aa531c, org.springframework.test.context.event.EventPublishingTestExecutionListener@3dae3438, org.springframework.boot.test.autoconfigure.restdocs.RestDocsTestExecutionListener@3a36293c, org.springframework.boot.test.autoconfigure.web.client.MockRestServiceServerResetTestExecutionListener@41049fcc, org.springframework.boot.test.autoconfigure.web.servlet.MockMvcPrintOnlyOnFailureTestExecutionListener@6b9c1643, org.springframework.boot.test.autoconfigure.web.servlet.WebDriverTestExecutionListener@27dff0fc, org.springframework.boot.test.autoconfigure.webservices.client.MockWebServiceServerTestExecutionListener@2cab52f2, org.springframework.boot.test.mock.mockito.ResetMocksTestExecutionListener@49344254]
14:59:29.037 [Test worker] DEBUG org.springframework.test.context.support.AbstractDirtiesContextTestExecutionListener - Before test class: context [DefaultTestContext@2b84d099 testClass = ParseLogsApplicationTests, testInstance = [null], testMethod = [null], testException = [null], mergedContextConfiguration = [WebMergedContextConfiguration@2c55d787 testClass = ParseLogsApplicationTests, locations = '{}', classes = '{class com.example.parseLogs.ParseLogsApplication}', contextInitializerClasses = '[]', activeProfiles = '{}', propertySourceLocations = '{}', propertySourceProperties = '{org.springframework.boot.test.context.SpringBootTestContextBootstrapper=true}', contextCustomizers = set[org.springframework.boot.test.autoconfigure.properties.PropertyMappingContextCustomizer@0, org.springframework.boot.test.autoconfigure.web.servlet.WebDriverContextCustomizerFactory$Customizer@327030cb, org.springframework.boot.test.context.filter.ExcludeFilterContextCustomizer@6167ace3, org.springframework.boot.test.json.DuplicateJsonObjectContextCustomizerFactory$DuplicateJsonObjectContextCustomizer@e2ec61b, org.springframework.boot.test.mock.mockito.MockitoContextCustomizer@0, org.springframework.boot.test.web.client.TestRestTemplateContextCustomizer@698c8a79, org.springframework.boot.test.context.SpringBootTestArgs@1], resourceBasePath = 'src/main/webapp', contextLoader = 'org.springframework.boot.test.context.SpringBootContextLoader', parent = [null]], attributes = map['org.springframework.test.context.web.ServletTestExecutionListener.activateListener' -> true]], class annotated with @DirtiesContext [false] with mode [null].
14:59:29.065 [Test worker] DEBUG org.springframework.test.context.support.TestPropertySourceUtils - Adding inlined properties to environment: {spring.jmx.enabled=false, org.springframework.boot.test.context.SpringBootTestContextBootstrapper=true}

  .   ____          _            __ _ _
 /\\ / ___'_ __ _ _(_)_ __  __ _ \ \ \ \
( ( )\___ | '_ | '_| | '_ \/ _` | \ \ \ \
 \\/  ___)| |_)| | | | | || (_| |  ) ) ) )
  '  |____| .__|_| |_|_| |_\__, | / / / /
 =========|_|==============|___/=/_/_/_/
 :: Spring Boot ::        (v2.3.4.RELEASE)

2021-05-06 14:59:34.586  INFO 3716 --- [    Test worker] c.e.parseLogs.ParseLogsApplicationTests  : No active profile set, falling back to default profiles: default
2021-05-06 14:59:35.039  INFO 3716 --- [    Test worker] .s.d.r.c.RepositoryConfigurationDelegate : Bootstrapping Spring Data JPA repositories in DEFERRED mode.
2021-05-06 14:59:35.088  INFO 3716 --- [    Test worker] .s.d.r.c.RepositoryConfigurationDelegate : Finished Spring Data repository scanning in 40ms. Found 1 JPA repository interfaces.
2021-05-06 14:59:35.232  INFO 3716 --- [    Test worker] o.s.cloud.context.scope.GenericScope     : BeanFactory id=398ad0bc-361d-3db9-9ca6-851eda77bfc4
2021-05-06 14:59:35.522  INFO 3716 --- [    Test worker] o.s.s.concurrent.ThreadPoolTaskExecutor  : Initializing ExecutorService 'applicationTaskExecutor'
2021-05-06 14:59:35.576  INFO 3716 --- [         task-1] o.hibernate.jpa.internal.util.LogHelper  : HHH000204: Processing PersistenceUnitInfo [name: default]
2021-05-06 14:59:35.640  INFO 3716 --- [         task-1] org.hibernate.Version                    : HHH000412: Hibernate ORM core version 5.4.21.Final
2021-05-06 14:59:35.642  WARN 3716 --- [    Test worker] o.s.c.n.a.ArchaiusAutoConfiguration      : No spring.application.name found, defaulting to 'application'
2021-05-06 14:59:35.646  WARN 3716 --- [    Test worker] c.n.c.sources.URLConfigurationSource     : No URLs will be polled as dynamic configuration sources.
2021-05-06 14:59:35.647  INFO 3716 --- [    Test worker] c.n.c.sources.URLConfigurationSource     : To enable URLs as dynamic configuration sources, define System property archaius.configurationSource.additionalUrls or make config.properties available on classpath.
2021-05-06 14:59:35.655  WARN 3716 --- [    Test worker] c.n.c.sources.URLConfigurationSource     : No URLs will be polled as dynamic configuration sources.
2021-05-06 14:59:35.655  INFO 3716 --- [    Test worker] c.n.c.sources.URLConfigurationSource     : To enable URLs as dynamic configuration sources, define System property archaius.configurationSource.additionalUrls or make config.properties available on classpath.
2021-05-06 14:59:35.718  WARN 3716 --- [    Test worker] JpaBaseConfiguration$JpaWebConfiguration : spring.jpa.open-in-view is enabled by default. Therefore, database queries may be performed during view rendering. Explicitly configure spring.jpa.open-in-view to disable this warning
2021-05-06 14:59:35.822  INFO 3716 --- [         task-1] o.hibernate.annotations.common.Version   : HCANN000001: Hibernate Commons Annotations {5.1.0.Final}
2021-05-06 14:59:35.935  INFO 3716 --- [         task-1] com.zaxxer.hikari.HikariDataSource       : HikariPool-1 - Starting...
2021-05-06 14:59:36.363  INFO 3716 --- [    Test worker] DeferredRepositoryInitializationListener : Triggering deferred initialization of Spring Data repositories…
2021-05-06 14:59:36.386  INFO 3716 --- [         task-1] com.zaxxer.hikari.HikariDataSource       : HikariPool-1 - Start completed.
2021-05-06 14:59:36.408  INFO 3716 --- [         task-1] org.hibernate.dialect.Dialect            : HHH000400: Using dialect: org.hibernate.dialect.MySQL8Dialect
2021-05-06 14:59:37.093  INFO 3716 --- [         task-1] o.h.e.t.j.p.i.JtaPlatformInitiator       : HHH000490: Using JtaPlatform implementation: [org.hibernate.engine.transaction.jta.platform.internal.NoJtaPlatform]
2021-05-06 14:59:37.101  INFO 3716 --- [         task-1] j.LocalContainerEntityManagerFactoryBean : Initialized JPA EntityManagerFactory for persistence unit 'default'
2021-05-06 14:59:37.267  INFO 3716 --- [    Test worker] DeferredRepositoryInitializationListener : Spring Data repositories initialized!
2021-05-06 14:59:37.276  INFO 3716 --- [    Test worker] c.e.parseLogs.ParseLogsApplicationTests  : Started ParseLogsApplicationTests in 8.2 seconds (JVM running for 9.195)
2021-05-06 14:59:37.340  INFO 3716 --- [    Test worker] DeferredRepositoryInitializationListener : Triggering deferred initialization of Spring Data repositories…
2021-05-06 14:59:37.341  INFO 3716 --- [    Test worker] DeferredRepositoryInitializationListener : Spring Data repositories initialized!
{"error":"","logs":[{"created_at":"2021-01-23T08:10:46","first_name":"\u0412\u0438\u0442\u043e\u043b\u044c\u0434","message":"Aragorn! You've seen Frodo and Sam? They were outnumbered! None survived.","second_name":"\u041a\u0443\u0437\u044c\u043c\u0438\u043d","user_id":"165543"},{"created_at":"2021-01-23T15:20:42","first_name":"\u0410\u044d\u043b\u0438\u0442\u0430","message":"  There's plenty for the both of us, may be best Dwarf win!\u00a0    \u00a0 Shall I describe it to you? Or would you like me to find you a box? Save me?","second_name":"\u041c\u0430\u0442\u0432\u0435\u0435\u0432\u0430","user_id":"885498"},{"created_at":"2021-01-23T00:50:49","first_name":"\u0420\u0443\u0448\u0430\u043d","message":"The One Ring. lsildur's     Bane. There is no curse in Elvish......Entish or the tongues of Men......for this treachery. I don't want to keep it.\u00a0 , I just want to help.\u00a0 \u00a0","second_name":"\u041c\u043e\u043b\u0447\u0430\u043d\u043e\u0432","user_id":"808915"},{"created_at":"2021-01-23T00:10:14","first_name":"\u0410\u043b\u0438\u0441\u0430","message":"So it begins. Fall back!\u00a0 ,\u00a0 Retreat!\u00a0 Retreat!\u00a0 Run for your lives!\u00a0 \u00a0 Have you learnt nothing of the stubbornness of     dwarves?","second_name":"\u041a\u0440\u044b\u043b\u043e\u0432\u0430","user_id":"333381"},{"created_at":"2021-01-23T04:04:42","first_name":"\u0413\u0435\u043d\u043d\u0430\u0434\u0438\u0439","message":"I don't think there will be a return journey Mr Frodo. Master broke his promise. Goodnight lads.","second_name":"\u0414\u043e\u0440\u043e\u043d\u0438\u043d","user_id":"693101"},{"created_at":"2021-01-23T11:45:35","first_name":"\u041a\u0430\u0440\u043b","message":"And where is your skulking friend? That gangrel creature. He had an ill-favored     look. It's just the damp of the first spring rain. It's a long way.","second_name":"\u041c\u0430\u0441\u043b\u043e\u0432","user_id":"318645"},{"created_at":"2021-01-23T04:36:40","first_name":"\u041f\u0430\u043c\u0435\u043b\u0430","message":"Oh! Well here is a sight I have never seen before. And where is your skulking friend? That gangrel creature. He had an ill-favored     look. So was l. ,\u00a0    ","second_name":"\u0413\u0440\u043e\u043c\u043e\u0432\u0430","user_id":"517198"},{"created_at":"2021-01-23T21:59:23","first_name":"\u0418\u0433\u043d\u0430\u0442\u0438\u0439","message":"Not anymore. Yes! Stay out of the forest! Keep away from the trees!","second_name":"\u041c\u043e\u043b\u0447\u0430\u043d\u043e\u0432","user_id":"154904"},{"created_at":"2021-01-23T07:28:02","first_name":"\u0423\u0440\u0441\u0443\u043b\u0430","message":"Dago hon! Dago hon! Much must be risked in war.\u00a0\u00a0\u00a0 Is there a Captain here who still has the     courage to do his lord's will? Gandalf?","second_name":"\u0428\u0435\u0441\u0442\u0430\u043a\u043e\u0432\u0430","user_id":"523545"},{"created_at":"2021-01-23T21:31:04","first_name":"\u041e\u043b\u0435\u0441\u044c","message":"Look! The trees! They're moving!   Move it, you slugs!\u00a0    \u00a0 War? Yes. It affects us all. Tree, root and twig.      But you must understand, young Hobbit......it takes a long time......to say anything in Old      Entish... ,...and we never say anything......unless it is worth taking......a long time to say.,\u00a0    ","second_name":"\u0412\u043e\u0440\u043e\u0431\u044c\u0451\u0432","user_id":"341762"},{"created_at":"2021-01-23T10:50:14","first_name":"\u0420\u0443\u0441\u0430\u043b\u0438\u043d\u0430","message":"I have wished you joy since first I saw you. Silence! And we forgot the taste of bread, the sound of trees and the softness of     the wind. We even forgot our own name. \u00a0","second_name":"\u0422\u0440\u0435\u0442\u044c\u044f\u043a\u043e\u0432\u0430","user_id":"651392"},{"created_at":"2021-01-23T06:25:42","first_name":"\u042f\u043a\u043e\u0432","message":"Break the dam!\u00a0 Release the river! lf there is need to go to Rivendell......send me in his stead.   Come along you scum! ,  I'll whip you down to the bone!  Come on!  What have I told you.    ,  Get up!    ,  Come on you slugs!  You two are going straight to the front line!  Move it, come on!  Fall in!  Move it! Move it! Move it!\u00a0    \u00a0","second_name":"\u0410\u0431\u0440\u0430\u043c\u043e\u0432","user_id":"885145"},{"created_at":"2021-01-23T09:23:23","first_name":"\u0414\u0438\u043d\u0430\u0440","message":"My lord? What do you fear, my lady?\u00a0 You will suffer me!","second_name":"\u041b\u0430\u0432\u0440\u0435\u043d\u0442\u044c\u0435\u0432","user_id":"523346"},{"created_at":"2021-01-23T21:53:27","first_name":"\u0410\u043c\u0438\u043d\u0430","message":"Mmmm , Green Dragon! \u00a0 The scouts report Minas Tirith is surrounded. The lower level's in flames. Everywhere, legions of the enemy advance. \u00a0 Stop it!","second_name":"\u0425\u0430\u0440\u0438\u0442\u043e\u043d\u043e\u0432\u0430","user_id":"135105"},{"created_at":"2021-01-23T07:04:36","first_name":"\u0410\u0443\u0440\u0435\u043b\u0438\u044f","message":"Fire! And who is this?  Isildur's heir?  It takes more to make a King than a broken Elvish blade. Gibbets and crows! Dotard! What do you want Gandalf Grahame? Let me guess' the key of Orthanc? Or perhaps the keys of Barad D'r itself? Along with the crowns of the seven Kings and the rods of the Five Wizards!","second_name":"\u041c\u0438\u0440\u043e\u043d\u043e\u0432\u0430","user_id":"362122"},{"created_at":"2021-01-23T03:44:44","first_name":"\u0418\u043d\u043d\u0430","message":"This is no place for a Hobbit! Edra le men, men na guil edwen. Haer o auth a n'r a naeth.  They were outnumbered! None survived.","second_name":"\u041a\u0443\u0434\u0440\u044f\u0432\u0446\u0435\u0432\u0430","user_id":"462177"},{"created_at":"2021-01-23T12:09:35","first_name":"\u0421\u0435\u0432\u0430\u0440\u0430","message":"Mordor has come. That blade was broken! What you judged to be right!\u00a0 You sent the Ring of power into Mordor in     the hands of a witless Halfling!\u00a0 It should have been brought back to the     citadel to be kept safe. Hidden.\u00a0 Dark and deep in the vaults' not to be     used.\u00a0 ,\u00a0     unless, at the uttermost end of need.\u00a0","second_name":"\u0421\u0435\u0440\u0433\u0435\u0435\u0432\u0430","user_id":"610846"},{"created_at":"2021-01-23T05:46:41","first_name":"\u0418\u043d\u043d\u0430","message":"Feast on his flesh. Gollum' Gollum' Gollum' , and we wept precious. We wept to be so alone. \u00a0 I don't want to keep it.\u00a0 , I just want to help.\u00a0 \u00a0","second_name":"\u0421\u0438\u043c\u043e\u043d\u043e\u0432\u0430","user_id":"359668"},{"created_at":"2021-01-23T13:17:39","first_name":"\u0414\u0430\u043d\u0438\u044d\u043b\u0430","message":"I get it. Don't be hasty. You may go no further. I guess that concludes negotiations.","second_name":"\u041a\u043e\u043d\u043e\u0432\u0430\u043b\u043e\u0432\u0430","user_id":"147729"},{"created_at":"2021-01-23T11:48:22","first_name":"\u0413\u0430\u044f\u0441","message":"Where? I know what I have to do, Sam.The Ring was entrusted to me.It's my task.Mine! My own!\u00a0 DEEEEAAATH!","second_name":"\u041c\u0430\u043c\u043e\u043d\u0442\u043e\u0432","user_id":"157910"},{"created_at":"2021-01-23T01:47:20","first_name":"\u0410\u0437\u0430\u043c\u0430\u0442","message":"I didn't think they would find any livery that would\u00a0 fit me. This is no rabble of mindless Orcs. These are Uruk-hai. Their armour is     thick and their shields broad. And what about Saruman? Have you come to a decision about him?","second_name":"\u0421\u0430\u043c\u043e\u0439\u043b\u043e\u0432","user_id":"816781"},{"created_at":"2021-01-23T13:22:26","first_name":"\u041c\u0438\u043b\u0430","message":"Ride out with me. ,Ride out and meet them.,\u00a0     Why have you come? Make way!","second_name":"\u041c\u0435\u0440\u043a\u0443\u0448\u0435\u0432\u0430","user_id":"601127"},{"created_at":"2021-01-23T05:09:32","first_name":"\u042d\u0440\u0430\u0441\u0442","message":"Every hour lost hastens Gondor's defeat.\u00a0 ,\u00a0 We have until dawn then we must ride.\u00a0 \u00a0 Hmmmm Silence!","second_name":"\u041a\u043e\u043d\u0434\u0440\u0430\u0442\u044c\u0435\u0432","user_id":"248208"},{"created_at":"2021-01-23T16:25:17","first_name":"\u042d\u0434\u0434\u0430","message":"I don't believe you. Well, that's good news.  It's the only way. Go in' or go back.","second_name":"\u041f\u043e\u043d\u043e\u043c\u0430\u0440\u0451\u0432\u0430","user_id":"487320"},{"created_at":"2021-01-23T23:32:18","first_name":"\u041c\u0430\u0440\u0430","message":"Yes. , No! No! ,It's too risky. It's too risky.      \u00a0     He was twitching. Call me'","second_name":"\u041a\u043e\u0441\u0442\u0438\u043d\u0430","user_id":"650297"},{"created_at":"2021-01-23T02:43:03","first_name":"\u0428\u0435\u0439\u043b\u0430","message":"To the gate. Draw your swords! It's just the damp of the first spring rain. Final count.....42.","second_name":"\u0411\u043e\u0440\u0438\u0441\u043e\u0432\u0430","user_id":"643656"},{"created_at":"2021-01-23T02:13:39","first_name":"\u041a\u0430\u0440\u043b","message":"No. My place is here with     my people. ,Not in Rivendell.\u00a0 Make way! This is the old sewer. Runs right under the river through to the edge of the city.      You'll find cover in the woods there.","second_name":"\u041a\u0430\u043b\u0438\u043d\u0438\u043d","user_id":"244975"},{"created_at":"2021-01-23T04:34:15","first_name":"\u041c\u0430\u0440\u0430","message":"I hate you.I hate you. He leaves because there is no hope. Why should Merry be left behind?\u00a0 He has as much cause to go to war as     you.\u00a0 Why can he not fight for those he loves?","second_name":"\u041b\u0430\u0437\u0430\u0440\u0435\u0432\u0430","user_id":"252206"},{"created_at":"2021-01-23T16:17:54","first_name":"\u042f\u0441\u043e\u043d","message":"\"Samwise the Brave.\"      Go home.     How do you pick up the threads of an old life? How do you go on, when in     your heart you begin to understand there is no going back? There are some     things that time cannot mend. Some hurts that go too deep, that have taken     hold.\u00a0","second_name":"\u041a\u0430\u043f\u0443\u0441\u0442\u0438\u043d","user_id":"637998"},{"created_at":"2021-01-23T18:03:21","first_name":"\u0424\u0430\u0440\u0438\u0434\u0430","message":"Dead? How? When? Boromir would not have brought the Ring.\u00a0\u00a0 He would have stretched     out his hand to this thing and taking it he would have fallen. Grima! You need not follow him! You were not always as you are now. You were once a man of Rohan. Come down.","second_name":"\u041d\u0435\u0441\u0442\u0435\u0440\u043e\u0432\u0430","user_id":"304367"},{"created_at":"2021-01-23T09:00:05","first_name":"\u041d\u0435\u043e\u043d\u0438\u043b\u0430","message":"You must come with me. Now. None have come my lord. Hit me!  Hit me Sam!  Start fighting!","second_name":"\u0411\u043e\u0431\u0440\u043e\u0432\u0430","user_id":"670144"},{"created_at":"2021-01-23T14:18:46","first_name":"\u0410\u0437\u0430\u0442","message":"  Frodo, get down! ,  Hide!\u00a0    \u00a0 Stay this madness! Mordor has come.","second_name":"\u0410\u043a\u0441\u0451\u043d\u043e\u0432","user_id":"754071"},{"created_at":"2021-01-23T09:03:00","first_name":"\u041d\u0438\u043a\u0430","message":"Herio!   Make safe the city.,\u00a0     Boarded, by you and whose army? \u00a0","second_name":"\u0415\u0440\u043c\u0430\u043a\u043e\u0432\u0430","user_id":"256005"},{"created_at":"2021-01-23T10:03:24","first_name":"\u042f\u0441\u043e\u043d","message":"    AAAAhhh! , \u00a0 And those little family of field mice......that climb up sometimes, and they tickle me awfully.\u00a0      \u00a0 Beech. Oak. Chestnut. Ash. Good. Good. Good. Many have come.,Now we must decide if the Ents......will     go to war.\u00a0","second_name":"\u041a\u0430\u043b\u0438\u043d\u0438\u043d","user_id":"602906"},{"created_at":"2021-01-23T16:54:44","first_name":"\u0410\u0434\u0438\u043b\u044f","message":"Master! lt is the only way. Master says we must go to Mordor, so we must try.      \u00a0       Oh no!  What do I do? ,  What do I do?\u00a0    \u00a0","second_name":"\u0413\u0443\u0440\u044c\u0435\u0432\u0430","user_id":"370313"},{"created_at":"2021-01-23T17:48:56","first_name":"\u0413\u0430\u043b\u0430\u043a\u0442\u0438\u043e\u043d","message":"A scout! Pippin! I get it. Don't be hasty.","second_name":"\u041a\u0438\u0441\u0435\u043b\u0451\u0432","user_id":"396790"},{"created_at":"2021-01-23T19:15:20","first_name":"\u0420\u0438\u043c\u043c\u0430","message":"Up! Quickly! Aaaaaahhhh! Break it up!  Break it up!","second_name":"\u0421\u0430\u043c\u043e\u0439\u043b\u043e\u0432\u0430","user_id":"733137"},{"created_at":"2021-01-23T01:09:54","first_name":"\u041c\u0430\u0440\u0438\u0430\u043d\u043d\u0430","message":"  Take the reins, pull him left. ,  LEFT!\u00a0,\u00a0     Gandalf. You must lead the peopleto Helm's Deep, and make haste.\u00a0","second_name":"\u0411\u043b\u043e\u0445\u0438\u043d\u0430","user_id":"785765"},{"created_at":"2021-01-23T03:03:34","first_name":"\u0421\u0438\u043c\u0430","message":"The very warmth of my blood seems stolen away. Peregrin Took. I'll take that my lad! Quickly now! Were you not entrusted to protect it?","second_name":"\u041e\u0440\u043b\u043e\u0432\u0430","user_id":"661425"},{"created_at":"2021-01-23T19:14:28","first_name":"\u0410\u0432\u0430\u0437","message":"You will not enter Gondor I can't go back. Why?","second_name":"\u041b\u0438\u0445\u0430\u0447\u0451\u0432","user_id":"428963"},{"created_at":"2021-01-23T03:53:01","first_name":"\u041c\u0438\u043b\u0430","message":"You must come with me. Now. Oh! Well here is a sight I have never seen before. No, we need him alive. We need him to talk. \u00a0","second_name":"\u041c\u0435\u0440\u043a\u0443\u0448\u0435\u0432\u0430","user_id":"601127"},{"created_at":"2021-01-23T21:49:57","first_name":"\u0417\u0430\u0440\u0435\u043c\u0430","message":"I Aear c'n ven na mar. He loves you, Father.\u00a0 The power of the three rings is ended. The time has come for the dominion of     men.","second_name":"\u041a\u0443\u0434\u0440\u044f\u0448\u043e\u0432\u0430","user_id":"896690"},{"created_at":"2021-01-23T15:18:05","first_name":"\u041c\u0438\u043b\u043e\u043b\u0438\u043a\u0430","message":"Get back in the line you maggots!  Get back in the line you slugs!     How do you pick up the threads of an old life? How do you go on, when in     your heart you begin to understand there is no going back? There are some     things that time cannot mend. Some hurts that go too deep, that have taken     hold.\u00a0 Back to the gate! Hurry!","second_name":"\u0410\u043b\u0435\u043a\u0441\u0435\u0435\u0432\u0430","user_id":"373360"},{"created_at":"2021-01-23T11:08:20","first_name":"\u0417\u0438\u0442\u0430","message":"I'm all right. What road will you take once you reach the woods? What are you doing?","second_name":"\u0422\u0443\u0440\u043e\u0432\u0430","user_id":"111544"},{"created_at":"2021-01-23T18:13:29","first_name":"\u0412\u043b\u0430\u0441","message":"No! No. Home is behind, The world ahead, ,\u00a0 And     there are many paths to tread, Through shadow, to the edge of night    ,\u00a0     Until the stars are all alight.\u00a0,\u00a0 Mist and shadow     cloud and shade, All shall fade, All shall , 'fade.\u00a0    \u00a0","second_name":"\u041a\u043e\u043b\u0435\u0441\u043d\u0438\u043a\u043e\u0432","user_id":"492948"},{"created_at":"2021-01-23T23:42:09","first_name":"\u0415\u0432\u0433\u0435\u043d\u0438\u044f","message":"  Let the Lord of the Black Land come forth! ,  Let justice be done upon him!     \u00a0 She stays because she still has hope. We're not going to wait for you. Come on.,\u00a0    ","second_name":"\u0421\u0430\u0432\u0435\u043b\u044c\u0435\u0432\u0430","user_id":"190669"},{"created_at":"2021-01-23T18:35:08","first_name":"\u041b\u044e\u0434\u043c\u0438\u043b\u0430","message":" Go, Frodo. Go with the goodwill of all Men.,\u00a0     It is an army bred for a single purpose: To destroy the world of Men.     They will be here by nightfall. Where?","second_name":"\u0411\u0435\u043b\u043e\u0432\u0430","user_id":"842228"},{"created_at":"2021-01-23T23:51:43","first_name":"\u042d\u043b\u043e\u0438\u0437\u0430","message":"Move into the city. Kill all in your path.     , There and Back Again, a Hobbits tale     by Bilbo Baggins and the Lord of the Rings by Frodo Baggins. You finished     it.\u00a0     AAAAhhh! , \u00a0","second_name":"\u0413\u0443\u0440\u044c\u0435\u0432\u0430","user_id":"588330"},{"created_at":"2021-01-23T04:56:28","first_name":"\u0418\u043d\u043d\u0430","message":"The light of the Evenstardoes not wax and wane.It is mine to give to whom I will.Like my heart.Go to sleep. South? But that will lead you past lsengard. We need you here.","second_name":"\u041c\u0430\u0442\u0432\u0435\u0435\u0432\u0430","user_id":"339559"},{"created_at":"2021-01-23T15:16:13","first_name":"\u0422\u0440\u0438\u0444\u043e\u043d","message":"This task was appointed to you, Frodo of the Shire. If you do not find a     way, no one will. \u00a0 No! I have wished you joy since first I saw you.","second_name":"\u0413\u043e\u0440\u0431\u0443\u043d\u043e\u0432","user_id":"154587"},{"created_at":"2021-01-23T04:01:25","first_name":"\u0417\u0435\u043c\u0444\u0438\u0440\u0430","message":"The light of the Evenstardoes not wax and wane.It is mine to give to whom I will.Like my heart.Go to sleep. Don't ask Smeagol. Poor, poor Smeagol.      \u00a0     Folk in those stories......had lots of chances of turning back, only they didn't.      They kept going......because they were holding on to something.    ","second_name":"\u0411\u0435\u043b\u043e\u0432\u0430","user_id":"327164"},{"created_at":"2021-01-23T10:39:59","first_name":"\u0410\u043b\u044c\u0431\u0435\u0440\u0442","message":"Well then let's just have his head and be done with it. I Aear c'n ven na mar. Whether by the swordor the slow decay of time......Aragorn will die.And there will be no comfortfor you......no comfort to ease the painof his passing.He will come to death......an image of the splendorof the kings of Men......in glory undimmed beforethe breaking of the world.","second_name":"\u0423\u0441\u0442\u0438\u043d\u043e\u0432","user_id":"261080"},{"created_at":"2021-01-23T18:52:07","first_name":"\u0424\u0443\u0430\u0434","message":"I think at last we understand one another, Frodo Baggins. ,\u00a0     I am asleep.,This is a dream.\u00a0 Hmmmm","second_name":"\u0418\u0432\u0430\u043d\u043a\u043e\u0432","user_id":"396902"},{"created_at":"2021-01-23T04:46:14","first_name":"\u042d\u043b\u043b\u0430\u0434\u0430","message":"You could have picked a better spot.,\u00a0     I will kill you if you touch him. It's just the damp of the first spring rain.","second_name":"\u041c\u0443\u0440\u0430\u0432\u044c\u0451\u0432\u0430","user_id":"679178"},{"created_at":"2021-01-23T19:42:43","first_name":"\u0420\u0430\u043c\u0438\u043b\u044c","message":"Very decent of you. Very decent, indeed      Gollum.     Smeagol? (shouts) SMEAGOL! SMEAGOL! Where are they going?","second_name":"\u0414\u043e\u0440\u043e\u043d\u0438\u043d","user_id":"696494"},{"created_at":"2021-01-23T16:39:45","first_name":"\u041e\u0434\u0435\u0442\u0442\u0430","message":"Not at the towers! Aim for the trolls, kill the trolls!\u00a0 Folk in those stories......had lots of chances of turning back, only they didn't.      They kept going......because they were holding on to something.     Wait! Stop! Stop! Turn around. Turn around. Take us south.","second_name":"\u0413\u0440\u043e\u043c\u043e\u0432\u0430","user_id":"705827"},{"created_at":"2021-01-23T08:58:01","first_name":"\u042f\u0440\u0438\u043d\u0430","message":"It can't be. We have 300 more from Fenmarch, Theoden King.\u00a0 \u00a0 I see shapes of men and of horses.","second_name":"\u0410\u043b\u0435\u043a\u0441\u0430\u043d\u0434\u0440\u043e\u0432\u0430","user_id":"796064"},{"created_at":"2021-01-23T01:10:53","first_name":"\u041b\u0438\u043e\u0440\u0430","message":"No, we won't. Not this time.      \u00a0 Peregrin Took. I'll take that my lad! Quickly now! Frodo!","second_name":"\u0413\u0430\u0432\u0440\u0438\u043b\u043e\u0432\u0430","user_id":"655669"},{"created_at":"2021-01-23T12:41:06","first_name":"\u041c\u0438\u0442\u0440\u043e\u0444\u0430\u043d","message":"The light of the Evenstardoes not wax and wane.It is mine to give to whom I will.Like my heart.Go to sleep. Ahaha! DEEEEAAATH!","second_name":"\u0421\u0435\u0440\u0433\u0435\u0435\u0432","user_id":"368640"},{"created_at":"2021-01-23T23:04:34","first_name":"\u0410\u043c\u0438\u0440\u0430","message":"You should not encourage him. It is as the Lord Denethor predicted!\u00a0 Long has he foreseen this doom! Your friends are with you, Aragorn.      \u00a0","second_name":"\u041f\u0435\u0442\u0440\u043e\u0432\u0430","user_id":"247135"},{"created_at":"2021-01-23T22:48:37","first_name":"\u0410\u0441\u0435\u043b\u044c","message":"Now, don't be hasty, Master Meriadoc.      \u00a0 Salted pork' You have some skill with a blade.","second_name":"\u041f\u043e\u0442\u0430\u043f\u043e\u0432\u0430","user_id":"630953"},{"created_at":"2021-01-23T03:17:25","first_name":"\u041c\u0438\u043b\u0438\u0446\u0430","message":"Why does he hates poor Smeagol?\u00a0 What has Smeagol ever done to him?\u00a0     Master?\u00a0 ,Master carries a heavy     burden Smeagol knows, heavy heavy burden.\u00a0 Fat one cannot know. \u00a0,\u00a0 He wants it.\u00a0 He needs     it.\u00a0 Smeagol sees it in his eye.\u00a0 , Very soon he will ask you for it.\u00a0 You     will see.\u00a0\u00a0 The fat one will take it from you!\u00a0     \u00a0 You have no idea what it did to him......what it's still doing to him.,I want to help him, Sam.\u00a0   Aim for the heads! ,\u00a0    ","second_name":"\u0422\u0430\u0440\u0430\u0441\u043e\u0432\u0430","user_id":"518350"},{"created_at":"2021-01-23T21:47:57","first_name":"\u041d\u0430\u0442\u0430\u043d","message":"Yes. , No! No! ,It's too risky. It's too risky.      \u00a0     My lord Elrond Master broke his promise.","second_name":"\u041d\u0435\u0441\u0442\u0435\u0440\u043e\u0432","user_id":"593656"},{"created_at":"2021-01-23T17:02:59","first_name":"\u0424\u043e\u043c\u0430","message":"He took it.\u00a0 He must have. Prepare for battle. Hurry men! To the wall! Defend the wall! Over here!     Return to your posts. Open the gate, quick! \u00a0","second_name":"\u041a\u0430\u043f\u0443\u0441\u0442\u0438\u043d","user_id":"226172"},{"created_at":"2021-01-23T00:10:10","first_name":"\u0420\u0430\u0434\u043e\u0441\u043b\u0430\u0432","message":"Hoooom, young master Gandalf, I'm glad you've come. Wood and water,     stock and stone I can master, but there is a Wizard to manage here locked in     his tower\u00a0 You can't help me any more. Shut up you!\u00a0 ,\u00a0 Go away!\u00a0 Get     out of here!\u00a0","second_name":"\u041a\u043e\u0432\u0430\u043b\u0451\u0432","user_id":"605181"},{"created_at":"2021-01-23T16:54:23","first_name":"\u0414\u043e\u043b\u044f","message":"You're a friend of Boromir? Aaaaaahhhh! What other duty would you have me do my lord?","second_name":"\u0421\u044b\u0441\u043e\u0435\u0432\u0430","user_id":"866170"},{"created_at":"2021-01-23T07:04:48","first_name":"\u0410\u043d\u0438\u0442\u0430","message":"Call me' Bless my bark! No, no, no hard feelings. Gollum, Gollum. ,Yes, master. Nice Hobbits.      \u00a0    ","second_name":"\u0415\u0432\u0434\u043e\u043a\u0438\u043c\u043e\u0432\u0430","user_id":"137093"},{"created_at":"2021-01-23T09:34:27","first_name":"\u0410\u043b\u043c\u0430\u0437","message":"We are bound to an errand of secrecy.Those that claim to oppose the enemywould do well not to hinder us. ...somewhere in the wilderness. I will not leave my daughter hereto die.","second_name":"\u041d\u0438\u043a\u043e\u043d\u043e\u0432","user_id":"378761"},{"created_at":"2021-01-23T11:51:10","first_name":"\u041c\u0438\u043b\u0430","message":"\u00a0 Faramir!\u00a0 Faramir!\u00a0    , Your     father's will has turned to madness.\u00a0 Do not throw away your life so     rashly.\u00a0 \u00a0 Back to the gate! Hurry! You have no idea what it did to him......what it's still doing to him.,I want to help him, Sam.\u00a0","second_name":"\u041c\u0435\u0440\u043a\u0443\u0448\u0435\u0432\u0430","user_id":"601127"},{"created_at":"2021-01-23T16:01:58","first_name":"\u0410\u0434\u0440\u0438\u0430\u043d","message":"What's taters, precious?What's taters? Eh?\u00a0     Form ranks you maggots. Form ranks. Pikes in front, archers behind.    \u00a0 My lord!","second_name":"\u041e\u0440\u0435\u0445\u043e\u0432","user_id":"811125"},{"created_at":"2021-01-23T00:18:43","first_name":"\u041e\u0432\u0438\u0434\u0438\u0439","message":"Smeagol? Come on!  Faster! We've got to get moving. Come on, Sam. \u00a0","second_name":"\u0421\u0442\u0435\u043f\u0430\u043d\u043e\u0432","user_id":"606022"},{"created_at":"2021-01-23T10:51:50","first_name":"\u0412\u043b\u0430\u0434\u0438\u0441\u043b\u0430\u0432","message":"What? We were home. Our time here is ending.Arwen's time is ending.Let her go.Let her take the ship into the west.Let her bear away her love for youto the Undying Lands.There it will be ever green.","second_name":"\u0414\u0435\u043d\u0438\u0441\u043e\u0432","user_id":"858434"},{"created_at":"2021-01-23T06:30:52","first_name":"\u041c\u0430\u0433\u0434\u0430","message":"This is not a defeat. We will return.,We will return.\u00a0 Slay them all! I didn't think they would find any livery that would\u00a0 fit me.","second_name":"\u0415\u0440\u0448\u043e\u0432\u0430","user_id":"125242"},{"created_at":"2021-01-23T21:21:39","first_name":"\u0421\u0442\u0435\u0444\u0430\u043d","message":"The horses are restless and the men are quiet. You will suffer me! Frodo wouldn't have got far      without Sam.","second_name":"\u041e\u0440\u0435\u0445\u043e\u0432","user_id":"853819"},{"created_at":"2021-01-23T04:20:49","first_name":"\u041b\u0430\u0434\u0430","message":"Once they're dead. ,Ssssssssssssssh!      \u00a0     Hey watch the pumpkin. Mmmm , Green Dragon! \u00a0","second_name":"\u041c\u0435\u0434\u0432\u0435\u0434\u0435\u0432\u0430","user_id":"479778"},{"created_at":"2021-01-23T16:07:28","first_name":"\u041d\u0430\u0437\u0438\u0440\u0430","message":"Six thousand will not be enough to break the lines of Mordor. Hail to you sire! What?","second_name":"\u041d\u0438\u043a\u043e\u043b\u0430\u0435\u0432\u0430","user_id":"869631"},{"created_at":"2021-01-23T05:44:02","first_name":"\u0413\u0430\u044f\u043d\u044d","message":"\u00a0Sam, no!\u00a0 \u00a0 Slay them all!   Take the reins, pull him left. ,  LEFT!\u00a0,\u00a0    ","second_name":"\u0415\u0444\u0438\u043c\u043e\u0432\u0430","user_id":"324310"},{"created_at":"2021-01-23T20:27:20","first_name":"\u041d\u0438\u043a\u0438\u0444\u043e\u0440","message":"Your bodyguard? Break the dam!\u00a0 Release the river! Legolas! Two already!","second_name":"\u041d\u0435\u043a\u0440\u0430\u0441\u043e\u0432","user_id":"384196"},{"created_at":"2021-01-23T16:01:21","first_name":"\u042f\u0441\u043e\u043d","message":"Leave now......and never come back. They're here.     Well, I'm back.\u00a0","second_name":"\u041a\u0430\u043f\u0443\u0441\u0442\u0438\u043d","user_id":"637998"},{"created_at":"2021-01-23T04:49:15","first_name":"\u0420\u043e\u0433\u043d\u0435\u0434\u0430","message":"Give us that! Deagol my love Feast on his flesh. DEATH!","second_name":"\u0421\u0438\u043c\u043e\u043d\u043e\u0432\u0430","user_id":"187703"},{"created_at":"2021-01-23T22:36:37","first_name":"\u041b\u0435\u0439\u043b\u0430","message":"It is as the Lord Denethor predicted!\u00a0 Long has he foreseen this doom!     ,     Go back to the abyss! Fall into the nothingness that awaits you and your     master! \u00a0 DEATH!","second_name":"\u0421\u043c\u0438\u0440\u043d\u043e\u0432\u0430","user_id":"383887"},{"created_at":"2021-01-23T11:58:48","first_name":"\u0410\u0440\u0430\u0431\u0435\u043b\u043b\u0430","message":"To make his war.The last war that will coverall the world in Shadow. I did what I judged to be right. This belongs to you.","second_name":"\u0422\u0443\u0440\u043e\u0432\u0430","user_id":"329792"},{"created_at":"2021-01-23T14:49:34","first_name":"\u0423\u043b\u044c\u043c\u0430\u043d\u0430\u0441","message":"What? Brace the gate! Watch out!","second_name":"\u0413\u043e\u043b\u0443\u0431\u0435\u0432","user_id":"700201"},{"created_at":"2021-01-23T06:11:05","first_name":"\u041f\u0435\u0440\u0438\u0437\u0430\u0442","message":"Sam! Feast on his flesh. The Shire must truly be a great realm      Master Gamgee......where gardeners are held in high honor.","second_name":"\u041c\u0443\u0440\u0430\u0432\u044c\u0451\u0432\u0430","user_id":"202194"},{"created_at":"2021-01-23T22:24:34","first_name":"\u0420\u0435\u043c\u0430","message":"Come on. We can take them. Shall I describe it to you? Or would you like me to find you a box? Over here.","second_name":"\u0411\u0435\u043b\u043e\u0432\u0430","user_id":"666557"},{"created_at":"2021-01-23T03:07:00","first_name":"\u041c\u043e\u0434\u0435\u0441\u0442","message":"You're a daughter of kings......a shieldmaiden of Rohan.I do not think that would be your fate. It's good. Definitely from the Shire. ,Longbottom leaf eh? \u00a0     Well, I'm back.\u00a0","second_name":"\u041d\u043e\u0441\u043a\u043e\u0432","user_id":"524290"},{"created_at":"2021-01-23T16:32:23","first_name":"\u0421\u0430\u0438\u0434\u0430","message":"Ribed bant! Come on. We can take them. Now come the days of the King. May they be blessed.","second_name":"\u041c\u044b\u0448\u043a\u0438\u043d\u0430","user_id":"890370"},{"created_at":"2021-01-23T14:08:18","first_name":"\u0413\u0430\u043b\u0438\u044f","message":"You stink of horse.The Man......was he from Gondor? I can't do this, Sam.      \u00a0     Aiya E'rendil Elenion Ancalim'","second_name":"\u0422\u0438\u0445\u043e\u043d\u043e\u0432\u0430","user_id":"503367"},{"created_at":"2021-01-23T11:31:39","first_name":"\u0413\u0435\u043b\u0435\u043d\u0430","message":"There are those that dwell in the mountain. I will break him. Captain?","second_name":"\u0425\u0430\u0440\u0438\u0442\u043e\u043d\u043e\u0432\u0430","user_id":"692801"},{"created_at":"2021-01-23T22:19:15","first_name":"\u0410\u0437\u0430\u0442","message":"Come to Smeagol. Is this it? Is this is all you can conjure      Saruman? That road there where does that lead?","second_name":"\u041c\u0443\u0440\u0430\u0432\u044c\u0451\u0432","user_id":"713773"},{"created_at":"2021-01-23T04:27:08","first_name":"\u0424\u0443\u0430\u0434","message":"Filthy little     Hobbitses! They stole it from us! The filth of Saruman is washing away. Trees will come back to live here. ,Young trees. Wild trees. \u00a0 Hey watch the pumpkin.","second_name":"\u041a\u0440\u0430\u0441\u0438\u043b\u044c\u043d\u0438\u043a\u043e\u0432","user_id":"779368"},{"created_at":"2021-01-23T01:52:22","first_name":"\u041c\u0435\u043b\u0438\u0441\u0441\u0430","message":"Deagol! Courage Merry. Courage for our friends. I do. ,It's the Ring.You can't take your eyes off it.I've seen you.You're not eating. You barely sleep. ,It's taken hold of you, Mr. Frodo. You have to fight it.\u00a0","second_name":"\u041c\u0443\u0440\u0430\u0432\u044c\u0451\u0432\u0430","user_id":"602094"},{"created_at":"2021-01-23T14:34:04","first_name":"\u042e\u0445\u0438\u043c","message":"Smeagol? Shall I describe it to you? Or would you like me to find you a box? For Gondor!","second_name":"\u041b\u044b\u0442\u043a\u0438\u043d","user_id":"197294"},{"created_at":"2021-01-23T04:26:06","first_name":"\u0412\u0430\u0441\u0438\u043b\u0438\u043d\u0430","message":"Nineteen! Sam. You must come with me. Now.","second_name":"\u041c\u0438\u0448\u0438\u043d\u0430","user_id":"816233"},{"created_at":"2021-01-23T15:38:11","first_name":"\u0412\u0430\u043d\u0435\u0441\u0441\u0430","message":"More will come Filthy little     Hobbitses! They stole it from us! Mind your aim.","second_name":"\u0410\u043d\u0438\u0441\u0438\u043c\u043e\u0432\u0430","user_id":"808469"},{"created_at":"2021-01-23T03:56:55","first_name":"\u0410\u043d\u0436\u0435\u043b\u0430","message":"I bring 500 men from the Westfold my lord. You can't help me any more. Causeway!","second_name":"\u0414\u043c\u0438\u0442\u0440\u0438\u0435\u0432\u0430","user_id":"712070"},{"created_at":"2021-01-23T14:55:03","first_name":"\u0424\u0435\u043b\u0438\u043a\u0441","message":"Since you are robbed of Boromir I will do what I can in his stead.\u00a0    ,     If I should return, think better of me father. \u00a0 Faramir! You must let me go! The Ring of Barahir.So Gandalf Greyhamethinks he has found lsildur's heir.The lost king of Gondor.He is a fool.The line was broken years ago. ,It matters not.The world of Men shall fall.It will begin at Edoras.\u00a0","second_name":"\u041a\u0438\u0440\u0438\u043b\u043b\u043e\u0432","user_id":"589353"},{"created_at":"2021-01-23T19:28:41","first_name":"\u0414\u0430\u043d\u044c\u044f\u0440","message":"Dead? How? When? Sam!  Help me! What would you have me do?","second_name":"\u0416\u0443\u043a\u043e\u0432","user_id":"629711"},{"created_at":"2021-01-23T19:36:06","first_name":"\u0420\u0443\u0437\u0430\u043d\u043d\u0430","message":"Come Hobbitses, very close now. Very close to Mordor. No safe places here. Hurry. \u00a0 Will Rohan's army come?\u00a0 Mithrandir? Your friends are with you, Aragorn.      \u00a0","second_name":"\u0414\u0440\u043e\u0437\u0434\u043e\u0432\u0430","user_id":"856787"},{"created_at":"2021-01-23T15:56:02","first_name":"\u0421\u0430\u0440\u0430","message":"I am mortal. You are Elf-kind.It was a dream, Arwen.Nothing more.\u00a0 In Ithilien.\u00a0 Not two days ago.\u00a0 Gandalf, they're taking the road to the     Morgul vale.\u00a0 \u00a0   Get off of me! ,  Nobody pushes me you filthy maggot!    ,  Get off of me!\u00a0    \u00a0","second_name":"\u041f\u043e\u043b\u044f\u043a\u043e\u0432\u0430","user_id":"451395"},{"created_at":"2021-01-23T21:18:17","first_name":"\u0420\u0430\u0439\u0430\u043d","message":"To battle He loves you, Father.\u00a0 You will suffer me!","second_name":"\u041c\u0435\u0440\u043a\u0443\u0448\u0435\u0432","user_id":"884761"},{"created_at":"2021-01-23T02:56:09","first_name":"\u0410\u0432\u0433\u0443\u0441\u0442\u0430","message":"Minl' pendich nin i aur     hen telitha. You withdraw your guard and I will tell you where your doom will be     decided. I will not be held prisoner here! One who will have your allegiance.","second_name":"\u0413\u043e\u0440\u0448\u043a\u043e\u0432\u0430","user_id":"545754"},{"created_at":"2021-01-23T20:16:11","first_name":"\u0418\u043b\u043b\u0430\u0440\u0438\u043e\u043d","message":" You'll see. Oh yes, you     will see.\u00a0 In Ithilien.\u00a0 Not two days ago.\u00a0 Gandalf, they're taking the road to the     Morgul vale.\u00a0 \u00a0 Yes!","second_name":"\u0421\u0435\u0440\u0433\u0435\u0435\u0432","user_id":"122009"},{"created_at":"2021-01-23T02:40:45","first_name":"\u0424\u0440\u0438\u0434\u0430","message":"No. Not its business. Leave us alone! The fires of lsengard will spread......and the woods of Tuckborough and Buckland will burn.      And.... ,And all that was once green and good      in this world will be gone. There won't be a Shire, Pippin.      \u00a0 My lady!","second_name":"\u0413\u0440\u0438\u0448\u0438\u043d\u0430","user_id":"134150"},{"created_at":"2021-01-23T16:32:49","first_name":"\u0414\u043e\u0440\u0430","message":"The battle for Helm's Deep is over. The battle for Middle-earth is about to begin. Mithrandir!\u00a0 ,     They broke through our defences.\u00a0 They've taken the bridge and the West     bank.\u00a0 Battalions of Orcs are crossing the river.\u00a0 \u00a0   Come along you scum! ,  I'll whip you down to the bone!  Come on!  What have I told you.    ,  Get up!    ,  Come on you slugs!  You two are going straight to the front line!  Move it, come on!  Fall in!  Move it! Move it! Move it!\u00a0    \u00a0","second_name":"\u0410\u0440\u0445\u0438\u043f\u043e\u0432\u0430","user_id":"838392"},{"created_at":"2021-01-23T20:37:33","first_name":"\u0411\u043e\u0440\u0435\u0441\u043b\u0430\u0432","message":"They say you vanquished the enemy almost single-handedly. '-chebin Estel anim. We have just agreed.,\u00a0    ","second_name":"\u0420\u043e\u0436\u043a\u043e\u0432","user_id":"275699"},{"created_at":"2021-01-23T01:56:15","first_name":"\u0410\u0434\u0440\u0438\u0430\u043d","message":"Legolas! Run! To battle You know nothing of this matter!","second_name":"\u041c\u0435\u0440\u043a\u0443\u0448\u0435\u0432","user_id":"506183"},{"created_at":"2021-01-23T17:18:23","first_name":"\u0420\u0430\u0441\u0438\u043c","message":"I didn't think they would find any livery that would\u00a0 fit me. Haldir! \"Samwise the Brave.\"     ","second_name":"\u0428\u0430\u0448\u043a\u043e\u0432","user_id":"421405"},{"created_at":"2021-01-23T15:25:30","first_name":"\u0413\u0443\u0437\u0435\u043b\u044c","message":"Guard of the Citadel indeed! , Now back up the hill     quickly. Quick! \u00a0 Estelio guru l'n ne dagor.     Ethelithach. You might as well accept it.\u00a0 We're going with you laddie.\u00a0 Aragorn     smiles.","second_name":"\u0417\u044b\u043a\u043e\u0432\u0430","user_id":"114450"},{"created_at":"2021-01-23T19:32:05","first_name":"\u0410\u0439\u043d\u0443\u0440","message":"The Ents cannot hold back this storm. We must weather such things as we have always done.,\u00a0     lt is! I hate you.I hate you.","second_name":"\u0421\u043c\u0438\u0440\u043d\u043e\u0432","user_id":"637930"},{"created_at":"2021-01-23T11:41:22","first_name":"\u041b\u044e\u0434\u0432\u0438\u0433","message":"That road there where does that lead? What do you fear, my lady?\u00a0 This is not our war.,\u00a0    ","second_name":"\u0421\u0430\u0444\u043e\u043d\u043e\u0432","user_id":"210458"},{"created_at":"2021-01-23T23:59:50","first_name":"\u041d\u043e\u0440\u0430","message":"They have broken through! The castle is breached. Retreat! You have no idea what it did to him......what it's still doing to him.,I want to help him, Sam.\u00a0 Come Hobbitses, very close now. Very close to Mordor. No safe places here. Hurry. \u00a0","second_name":"\u041a\u0430\u0431\u0430\u043d\u043e\u0432\u0430","user_id":"546914"},{"created_at":"2021-01-23T11:30:45","first_name":"\u041d\u043e\u0440\u043c\u0430\u043d\u043d","message":"What are you doing you useless scum? Foreseen and done nothing! Would you deny your own father?","second_name":"\u0417\u0430\u0445\u0430\u0440\u043e\u0432","user_id":"271653"},{"created_at":"2021-01-23T03:55:59","first_name":"\u0421\u0430\u043c\u0438\u0440\u0430","message":"Eomer.,\u00a0     Don't tell the Elf.     How do you pick up the threads of an old life? How do you go on, when in     your heart you begin to understand there is no going back? There are some     things that time cannot mend. Some hurts that go too deep, that have taken     hold.\u00a0","second_name":"\u041e\u0441\u0438\u043f\u043e\u0432\u0430","user_id":"846477"},{"created_at":"2021-01-23T17:11:09","first_name":"\u0421\u0430\u043c\u0438\u0440\u0430","message":"What? Come on. We can take them. Aragorn!","second_name":"\u041a\u043e\u043d\u043e\u0432\u0430\u043b\u043e\u0432\u0430","user_id":"303919"},{"created_at":"2021-01-23T15:30:35","first_name":"\u041c\u0435\u043b\u0438\u0441\u0441\u0430","message":"A im, '-'erin veleth l'n?  Stop it! Leave him alone. ,Don't you understand? He's got to destroy     it! That's where we're going, into Mordor. To the Mountain of Fire! \u00a0 To enter the Forbidden Pool bears the penalty of death.    ,They wait for my command. Shall I     shoot?\u00a0","second_name":"\u0424\u0430\u0434\u0435\u0435\u0432\u0430","user_id":"337433"},{"created_at":"2021-01-23T22:34:24","first_name":"\u0410\u043b\u044c\u0431\u0435\u0440\u0442\u0430","message":"Got away did it precious? Not this time. Not this time. No.  No it isn't. There.\u00a0 A true esquire of Rohan.","second_name":"\u041b\u0430\u0432\u0440\u0435\u043d\u0442\u044c\u0435\u0432\u0430","user_id":"432145"},{"created_at":"2021-01-23T17:10:13","first_name":"\u0421\u0430\u043b\u043e\u043c\u0435\u044f","message":"Many of these trees were my friends. Creatures I had known from nut and acorn. You will not enter Gondor DEATH!","second_name":"\u0421\u0442\u0440\u0435\u043b\u043a\u043e\u0432\u0430","user_id":"643854"},{"created_at":"2021-01-23T12:36:09","first_name":"\u0421\u0435\u0432\u0435\u0440\u0438\u043d","message":"Shore up the door! Get the wounded on horses.The wolves of lsengard will return.Leave the dead. Its Mithrandir!\u00a0 The White Rider!","second_name":"\u041a\u0430\u043b\u0438\u043d\u0438\u043d","user_id":"235472"},{"created_at":"2021-01-23T13:07:51","first_name":"\u041c\u0443\u0437\u0430","message":"Not this time.\u00a0 This time you must stay Gimli. Hold them! I have wished you joy since first I saw you.","second_name":"\u041b\u043e\u0433\u0438\u043d\u043e\u0432\u0430","user_id":"228022"},{"created_at":"2021-01-23T23:42:29","first_name":"\u0410\u0441\u0442\u0440\u0438\u0434","message":"They grow nervous in the shadow of the mountain. Dago hon! Dago hon!     ,     Go back to the abyss! Fall into the nothingness that awaits you and your     master! \u00a0","second_name":"\u0413\u0440\u0438\u0433\u043e\u0440\u044c\u0435\u0432\u0430","user_id":"603533"},{"created_at":"2021-01-23T06:09:59","first_name":"\u0422\u0430\u043c\u0438\u043b\u0430","message":"I can't!  I can't' I can't manage the Ring Sam.  It's' it's' such a weight to carry.  It's such a weight.   Mr Frodo, look. ,  There is light and beauty up there that no shadow can touch.     \u00a0 Where does my allegiance lie if not here?\u00a0 This is the city of the men     of N'menor.\u00a0 I will gladly give my life to defend her beauty, her memory,     her wisdom.\u00a0","second_name":"\u041f\u0430\u0432\u043b\u043e\u0432\u0430","user_id":"274330"},{"created_at":"2021-01-23T02:30:22","first_name":"\u042d\u043c\u043c\u0430","message":"I have to destroy it Smeagol. , I have to destroy it for both our sakes. \u00a0 There is still hope. Oh, too few. You let the enemy walk in and take it on a whim. Always you     cast a poor reflection on me. ","second_name":"\u0412\u043e\u0440\u043e\u0431\u044c\u0451\u0432\u0430","user_id":"460370"},{"created_at":"2021-01-23T04:08:29","first_name":"\u0413\u0440\u0430\u0434\u0438\u043c\u0438\u0440","message":"Po-ta-toes.     Form ranks you maggots. Form ranks. Pikes in front, archers behind.    \u00a0 Save me?","second_name":"\u041a\u0430\u043f\u0443\u0441\u0442\u0438\u043d","user_id":"238307"},{"created_at":"2021-01-23T21:08:04","first_name":"\u0425\u0430\u0440\u0438\u0442\u043e\u043d","message":"Come on! Must go! No time! Arrghh! Yes!,\u00a0    ","second_name":"\u041a\u0440\u044b\u043b\u043e\u0432","user_id":"406947"},{"created_at":"2021-01-23T18:36:49","first_name":"\u041f\u043e\u0440\u0444\u0438\u0440\u0438\u0439","message":"Well then let's just have his head and be done with it. Victory! We have victory! Gandalf?","second_name":"\u0410\u0440\u0442\u0435\u043c\u044c\u0435\u0432","user_id":"854267"},{"created_at":"2021-01-23T07:06:30","first_name":"\u0420\u0430\u0444\u0430\u044d\u043b\u044c","message":"There.\u00a0 A true esquire of Rohan. I am Isildur's heir. Fight for me and I will hold your oaths fulfilled.    ,What say you?    \u00a0 Oh, too few. You let the enemy walk in and take it on a whim. Always you     cast a poor reflection on me. ","second_name":"\u0417\u0438\u043c\u0438\u043d","user_id":"106489"},{"created_at":"2021-01-23T09:09:47","first_name":"\u0420\u0430\u0434\u0430","message":"No!You must do this, for me.\u00a0 Filthy little     Hobbitses! They stole it from us! Hold them!","second_name":"\u0414\u0435\u043d\u0438\u0441\u043e\u0432\u0430","user_id":"439341"},{"created_at":"2021-01-23T01:04:06","first_name":"\u0412\u0438\u043b\u043e\u0440\u0430","message":"The fortress is taken. It is over.,\u00a0     They are breaking in! I'm sorry uncle. I'm afraid I lost it.","second_name":"\u0415\u0440\u043c\u0430\u043a\u043e\u0432\u0430","user_id":"651976"},{"created_at":"2021-01-23T20:14:52","first_name":"\u041c\u0435\u043b\u0430\u043d\u0438\u044f","message":"Aragorn!\u00a0 ,\u00a0     Let's find some food.\u00a0 \u00a0   Bring it down! Bring it down!  Bring it down!,\u00a0     Faramir! You must let me go!","second_name":"\u042f\u043a\u043e\u0432\u043b\u0435\u0432\u0430","user_id":"520314"},{"created_at":"2021-01-23T08:32:14","first_name":"\u0410\u043b\u044c\u0431\u0438\u043d\u0430","message":"Your treachery has already cost many lives. Thousands more are now at     risk. But you could save them Saruman. You were deep in the enemy's counsel. DEATH! What would you have me do? Look at my men. Their courage hangs by a     thread. If this is to be our end, then I would have them make such an     end......as to be worthy of remembrance.\u00a0","second_name":"\u0412\u043b\u0430\u0434\u0438\u043c\u0438\u0440\u043e\u0432\u0430","user_id":"710261"},{"created_at":"2021-01-23T22:40:00","first_name":"\u0412\u0430\u0440\u0444\u043e\u043b\u043e\u043c\u0435\u0439","message":"Flank ready! You might as well accept it.\u00a0 We're going with you laddie.\u00a0 Aragorn     smiles. You have no idea what it did to him......what it's still doing to him.,I want to help him, Sam.\u00a0","second_name":"\u0411\u0435\u043b\u043e\u0437\u0451\u0440\u043e\u0432","user_id":"547932"},{"created_at":"2021-01-23T21:44:51","first_name":"\u0414\u0436\u0435\u043d\u043d\u0438\u0444\u0435\u0440","message":"Wicked Men.Servants of Sauron.They are called to Mordor.The Dark One is gathering all armiesto him.It won't be long now.He will soon be ready. Do not come between the Nazg'l and his prey. Deagol!","second_name":"\u0421\u0435\u043b\u0435\u0437\u043d\u0451\u0432\u0430","user_id":"314526"},{"created_at":"2021-01-23T09:57:39","first_name":"\u042f\u043d\u0430","message":"Aragorn! Fall back to the Keep! Get your men out of there!,\u00a0     Give them a volley. Dead? How? When?","second_name":"\u0426\u0432\u0435\u0442\u043a\u043e\u0432\u0430","user_id":"554752"},{"created_at":"2021-01-23T16:56:42","first_name":"\u0428\u0430\u043c\u0438\u043b\u044c","message":"It's perfect. One barrel each.,Wait.      Do you think we should share it with Treebeard?      \u00a0     Over here. Naughty little fly. Why does he cry? ,Caught in a web. Soon     you'll be eaten. \u00a0","second_name":"\u041f\u043e\u043b\u044f\u043a\u043e\u0432","user_id":"691171"},{"created_at":"2021-01-23T20:10:53","first_name":"\u0410\u043d\u0436\u0435\u043b\u0430","message":"Free? He will never be free! Watch out! Hannon le.","second_name":"\u0421\u043c\u0438\u0440\u043d\u043e\u0432\u0430","user_id":"221254"},{"created_at":"2021-01-23T16:17:20","first_name":"\u0412\u0435\u043d\u0435\u0440\u0430","message":"Break the dam!\u00a0 Release the river! My lady! Good luck trying to find something decent around here. ,Probably only dead rats and      mouldy bread.,\u00a0    ","second_name":"\u0413\u0440\u0438\u0433\u043e\u0440\u044c\u0435\u0432\u0430","user_id":"825158"},{"created_at":"2021-01-23T00:05:01","first_name":"\u0415\u0432\u0434\u043e\u043a\u0438\u044f","message":"Master looks after us now.We don't need you. How many? Our scouts report Saruman has attacked Rohan. , Theoden's people have fled     to Helm's Deep. But we must look to our own borders. Faramir, Orcs are on     the move. Sauron is marshaling an army. Easterlings and Southrons are at the     Black Gate.\u00a0","second_name":"\u041a\u0430\u043b\u0430\u0448\u043d\u0438\u043a\u043e\u0432\u0430","user_id":"231490"},{"created_at":"2021-01-23T15:09:45","first_name":"\u0414\u0430\u043d\u0438\u0438\u043b","message":"It's been four years to the day since Weathertop Sam. It's never really     healed. Goodnight lads. Guard of the Citadel indeed! , Now back up the hill     quickly. Quick! \u00a0","second_name":"\u0421\u043e\u043a\u043e\u043b\u043e\u0432","user_id":"712754"},{"created_at":"2021-01-23T00:09:05","first_name":"\u0421\u0435\u0432\u0430\u0441\u0442\u044c\u044f\u043d","message":"Welcome, my lords to Isengard! \u00a0 If something has happened to Boromir, we would have you tell us.\u00a0 Faramir! You must let me go!","second_name":"\u0411\u043e\u0433\u0434\u0430\u043d\u043e\u0432","user_id":"740454"},{"created_at":"2021-01-23T01:28:30","first_name":"\u041f\u0435\u043b\u0430\u0433\u0435\u044f","message":"Sneaking. We're under orders from Treebeard who's taken over management of Isengard. They're always trying to get somewhere where they....","second_name":"\u0420\u043e\u0433\u043e\u0432\u0430","user_id":"527266"},{"created_at":"2021-01-23T05:52:50","first_name":"\u041c\u0435\u043b\u0430\u043d\u0438\u044f","message":"  Merry!\u00a0,\u00a0     They say you vanquished the enemy almost single-handedly. I am asleep.,This is a dream.\u00a0","second_name":"\u0424\u043e\u043a\u0438\u043d\u0430","user_id":"355826"},{"created_at":"2021-01-23T09:59:21","first_name":"\u0418\u0433\u043d\u0430\u0442","message":"Nazg'l! As one of his companions, I'd hoped you would tell me.\u00a0 Speak.","second_name":"\u0417\u0438\u043c\u0438\u043d","user_id":"109283"},{"created_at":"2021-01-23T07:24:13","first_name":"\u0420\u0430\u0442\u0438\u0431\u043e\u0440","message":"Hey, stinker, don't go gettingtoo far ahead.\u00a0 That's it! Go on! Do you not know?","second_name":"\u041f\u0430\u0432\u043b\u043e\u0432","user_id":"866490"},{"created_at":"2021-01-23T10:22:01","first_name":"\u041b\u044f\u043b\u044f","message":"Oh no, I'm not hungry, leastways not for lembas bread. \u00a0 Fire at will! Remember today, little brother. Today, life is good.\u00a0","second_name":"\u0422\u0430\u0440\u0430\u0441\u043e\u0432\u0430","user_id":"771743"},{"created_at":"2021-01-23T00:23:55","first_name":"\u0420\u0430\u0434\u0438\u043a","message":"Deagol!     Gandalf! ,     Gandalf! Denethor has lost his mind. He's burning Faramir alive! \u00a0 My sons are spent! ,     My line has ended! \u00a0","second_name":"\u041d\u0430\u0443\u043c\u043e\u0432","user_id":"762805"},{"created_at":"2021-01-23T09:24:53","first_name":"\u0414\u0430\u0432\u043b\u0430\u0442","message":"(    Gondor?! Where was Gondor when the Westfold fell?! Where was Gondor when our     enemies closed in around us?! Where was Gon--? ,No, my Lord     Aragorn......we are alone. ,Get the women and children     into the caves.\u00a0 uhh huh , I feel like I'm back at the Green Dragon. \u00a0 All riders to the head of the column.","second_name":"\u0427\u0435\u0440\u043d\u043e\u0432","user_id":"451516"},{"created_at":"2021-01-23T03:05:06","first_name":"\u0427\u0435\u0441\u043b\u0430\u0432\u0430","message":"Its Mithrandir!\u00a0 The White Rider! You have some skill with a blade. If something has happened to Boromir, we would have you tell us.\u00a0","second_name":"\u041c\u0435\u043b\u044c\u043d\u0438\u043a\u043e\u0432\u0430","user_id":"396944"},{"created_at":"2021-01-23T22:12:11","first_name":"\u041a\u043e\u043d\u0434\u0440\u0430\u0442","message":"We will cover the causeway and the gate from above. No army has ever     breached the Deeping Wall......or set foot inside the Hornburg! Dago hon! Dago hon! Mr. Frodo?","second_name":"\u0410\u043d\u0442\u043e\u043d\u043e\u0432","user_id":"479473"},{"created_at":"2021-01-23T20:42:32","first_name":"\u0413\u0435\u0432\u043e\u0440\u0433","message":"I know what I have to do, Sam.The Ring was entrusted to me.It's my task.Mine! My own!\u00a0 Forth Eorlingas! What are we holding on to, Sam?      \u00a0    ","second_name":"\u0411\u043e\u0431\u044b\u043b\u0451\u0432","user_id":"758941"},{"created_at":"2021-01-23T10:04:00","first_name":"\u0410\u0433\u0440\u0438\u043f\u043f\u0438\u043d\u0430","message":"Saruman's storeroom!     Gamling, follow the King's banner down the centre. Grimbold! Take your company right after you pass the wall. Forth and fear no darkness!     , Arise! Arise riders of Theoden. Spears shall be shaken, shields shall be splintered, a sword day, a red day ere the sun rises!!\u00a0 We have just agreed.,\u00a0    ","second_name":"\u0416\u0434\u0430\u043d\u043e\u0432\u0430","user_id":"474534"},{"created_at":"2021-01-23T06:19:56","first_name":"\u0411\u043e\u0440\u0438\u0441","message":"In Ithilien.\u00a0 Not two days ago.\u00a0 Gandalf, they're taking the road to the     Morgul vale.\u00a0 \u00a0 Mr. Frodo? Share it? ,No. No. ,Dead plant and all that. Don't think he'd understand. ,Could be a distant relative.      \u00a0    ","second_name":"\u0422\u0440\u043e\u0444\u0438\u043c\u043e\u0432","user_id":"792756"},{"created_at":"2021-01-23T07:35:43","first_name":"\u0424\u0430\u044f","message":"You will not enter Gondor Form up, move out! Form up, move out! \u00a0 Look! Osgiliath burns!","second_name":"\u0416\u0443\u0440\u0430\u0432\u043b\u0451\u0432\u0430","user_id":"883084"},{"created_at":"2021-01-23T12:32:20","first_name":"\u0420\u0430\u0434\u043e\u0441\u043b\u0430\u0432","message":"Yes!,\u00a0     You may go no further. You have some skill with a blade.","second_name":"\u041c\u0443\u0445\u0438\u043d","user_id":"591031"},{"created_at":"2021-01-23T07:32:53","first_name":"\u0412\u0438\u043a\u0442\u043e\u0440\u0438\u043d\u0430","message":"Make way! ( ,We cannot hold much longer!      \u00a0 I amar prestar aen... han mathon ne nen, han mathon ne chae a han noston     ned 'wilith.                      Ow!","second_name":"\u041f\u043e\u043f\u043e\u0432\u0430","user_id":"401309"},{"created_at":"2021-01-23T20:09:40","first_name":"\u0411\u0435\u0436\u0435\u043d","message":"Father? Warg! We're under attack! As one of his companions, I'd hoped you would tell me.\u00a0","second_name":"\u041c\u0435\u0434\u0432\u0435\u0434\u0435\u0432","user_id":"464612"},{"created_at":"2021-01-23T01:49:34","first_name":"\u0418\u043d\u0434\u0438\u0440\u0430","message":"Please. It's such a burden.     Will you not help him? It's the only way. Go in' or go back. Out!","second_name":"\u041d\u0430\u0443\u043c\u043e\u0432\u0430","user_id":"249238"},{"created_at":"2021-01-23T16:15:52","first_name":"\u0421\u0430\u0442\u0438","message":"Oooohhh! It's me. It's your Sam. Don't you know your Sam? Courage Merry. Courage for our friends.","second_name":"\u0412\u043e\u0440\u043e\u043d\u0446\u043e\u0432\u0430","user_id":"871072"},{"created_at":"2021-01-23T15:57:03","first_name":"\u041c\u0430\u043d\u0441\u0443\u0440","message":"Sam! We need more rubble! Welcome, my lords to Isengard! \u00a0","second_name":"\u0428\u0438\u043b\u043e\u0432","user_id":"518230"},{"created_at":"2021-01-23T20:54:50","first_name":"\u0410\u0444\u0430\u043d\u0430\u0441\u0438\u0439","message":"I wonder if we'll ever be put into songs or tales. The One Ring. lsildur's     Bane. It will grieve you then to     learn that he is dead.","second_name":"\u0410\u0433\u0430\u0444\u043e\u043d\u043e\u0432","user_id":"389278"},{"created_at":"2021-01-23T18:53:16","first_name":"\u041d\u0438\u0441\u043e\u043d","message":"Follow me! Where are they going? Many of these trees were my friends. Creatures I had known from nut and acorn.","second_name":"\u041a\u043e\u0440\u043e\u043b\u0451\u0432","user_id":"615663"},{"created_at":"2021-01-23T01:17:03","first_name":"\u042e\u043b\u0438\u0430\u043d","message":"This is not a defeat. We will return.,We will return.\u00a0 We will cover the causeway and the gate from above. No army has ever     breached the Deeping Wall......or set foot inside the Hornburg! Grond, Grond, Grond, Grond,     Grond!\u00a0","second_name":"\u0420\u0443\u0441\u0430\u043a\u043e\u0432","user_id":"847553"},{"created_at":"2021-01-23T07:58:36","first_name":"\u041d\u0430\u0434\u0435\u0436\u0434\u0430","message":"Many of these trees were my friends. Creatures I had known from nut and acorn. There is one passage. It leads into the mountains. But they will not get far.      The Uruk-hai are too many. We wants it.We needs it.Must have the precious.They stole it from us.Sneaky little Hobbitses.Wicked. Tricksy. False.","second_name":"\u041b\u0430\u0440\u0438\u043e\u043d\u043e\u0432\u0430","user_id":"887202"},{"created_at":"2021-01-23T05:33:34","first_name":"\u041a\u043b\u0430\u0432\u0434\u0438\u0439","message":"Over here. Not listening. I'm not listening. Can you sing Master Hobbit?","second_name":"\u0414\u043e\u0440\u043e\u043d\u0438\u043d","user_id":"477893"},{"created_at":"2021-01-23T14:41:44","first_name":"\u041f\u0435\u043b\u0430\u0433\u0435\u044f","message":"\u00a0Look, what's this?\u00a0 ,\u00a0 Crumbs on his jacketses.\u00a0 He took it!\u00a0,He took it! ,\u00a0 I've seen him, he's always stuffing his face when master's     not looking.\u00a0 Longbottom Leaf. ,The finest pipe-weed in South Farthing.      \u00a0     (looking back out to Mordor) All our hopes now lie with two little Hobbits...","second_name":"\u0420\u043e\u0433\u043e\u0432\u0430","user_id":"527266"},{"created_at":"2021-01-23T20:19:10","first_name":"\u0415\u043a\u0430\u0442\u0435\u0440\u0438\u043d\u0430","message":"I am ready, Gamling.Bring my horse.\u00a0 We're not going to wait for you. Come on.,\u00a0     Duty? ,     no. , I     would have you smile again, not grieve for those whose time has come. You     shall live to see these days renewed , ' and no more despair\u00a0","second_name":"\u0410\u0433\u0430\u0444\u043e\u043d\u043e\u0432\u0430","user_id":"176800"},{"created_at":"2021-01-23T06:41:11","first_name":"\u0410\u043b\u044c\u0444\u0438\u044f","message":"Where are the riders from Snowbourn? Move into the city. Kill all in your path. You young rascals. A merry hunt you've led us on and now we find you     feasting and ' and smoking!","second_name":"\u041a\u0430\u043f\u0443\u0441\u0442\u0438\u043d\u0430","user_id":"596427"},{"created_at":"2021-01-23T18:16:34","first_name":"\u0417\u0430\u043a\u0438\u0440","message":"Hmmmm You must come with me. Now. It's always dark here.\u00a0 ,\u00a0 It's gone!\u00a0    , The elven bread!    \u00a0","second_name":"\u0413\u0443\u0440\u044c\u0435\u0432","user_id":"283678"},{"created_at":"2021-01-23T12:50:24","first_name":"\u041c\u0438\u043a\u0443\u043b\u0430","message":"You have no idea what it did to him......what it's still doing to him.,I want to help him, Sam.\u00a0 We must ride light and swift. It is a long road ahead and man and beast     must reach the end with the strength to fight. Ride out with me. ,Ride out and meet them.,\u00a0    ","second_name":"\u0411\u0435\u043b\u043e\u0443\u0441\u043e\u0432","user_id":"406416"},{"created_at":"2021-01-23T08:34:45","first_name":"\u042f\u0441\u043c\u0438\u043d","message":"Look to my coming at first light on the fifth day. At dawn......Iook to the east. Well this is a thing unheard of. An elf will go underground, where a     dwarf dare not. Oh. Oh, I'd never hear the end of it. \u00a0 Send forth all legions.\u00a0 Do not stop the attack until the city is     taken.","second_name":"\u041f\u0430\u0445\u043e\u043c\u043e\u0432\u0430","user_id":"271993"},{"created_at":"2021-01-23T09:07:17","first_name":"\u041b\u0438\u0437\u0430","message":"There are those that dwell in the mountain. Faramir! You must let me go! Ride! Ride now to Gondor.","second_name":"\u0422\u0438\u0442\u043e\u0432\u0430","user_id":"456871"},{"created_at":"2021-01-23T18:43:00","first_name":"\u041d\u0430\u043e\u043c\u0438","message":"Ech! What did you say? Bring them down!","second_name":"\u041d\u0438\u043a\u0438\u0442\u0438\u043d\u0430","user_id":"804287"},{"created_at":"2021-01-23T22:09:46","first_name":"\u0421\u0430\u043d\u0442\u0430","message":"Mordor has come. To the king! Orcses' filth. Orcses come in here sometimes.","second_name":"\u0411\u0435\u043b\u043e\u0443\u0441\u043e\u0432\u0430","user_id":"528456"},{"created_at":"2021-01-23T22:05:37","first_name":"\u0414\u0435\u043c\u044c\u044f\u043d","message":"Boromir! Boromir! Dolen i v'd o nin. DEEEEAAATH!","second_name":"\u041a\u043e\u0448\u0435\u043b\u0435\u0432","user_id":"451886"},{"created_at":"2021-01-23T02:22:18","first_name":"\u0413\u0435\u0440\u0430\u0441\u0438\u043c","message":"The dead do not suffer the living to pass. May death find you quickly if you bring them to harm. Can you sing Master Hobbit?","second_name":"\u0410\u043a\u0441\u0451\u043d\u043e\u0432","user_id":"234670"},{"created_at":"2021-01-23T11:48:26","first_name":"\u0412\u0430\u0441\u0438\u043b\u0438\u0439","message":"  Aim for the heads! ,\u00a0     '-ethelithon.   Late as usual, pirate scum. ,  There's knifework here needs doing. Come on you sea rats, get off your ships.\u00a0    \u00a0","second_name":"\u041f\u043e\u043d\u043e\u043c\u0430\u0440\u0451\u0432","user_id":"230512"},{"created_at":"2021-01-23T23:33:44","first_name":"\u0418\u043b\u044c\u044f","message":"Stop it! Nach gwannatha sin? DEEEEAAATH!","second_name":"\u0411\u0438\u0440\u044e\u043a\u043e\u0432","user_id":"864427"},{"created_at":"2021-01-23T07:52:03","first_name":"\u0417\u0438\u0442\u0430","message":"    Gandalf! ,     Gandalf! Denethor has lost his mind. He's burning Faramir alive! \u00a0 No.\u00a0 No you're not all right, you're exhausted.\u00a0 It's that Gollum.\u00a0 It's     this place.\u00a0 It's that thing around your neck.\u00a0 , I could help a bit.\u00a0 I could carry it for     a while ,,     carry it for a while ,\u00a0     I could carry it' I could carry it' Share the load' share the load' share     the load \u00a0 We have just agreed.,\u00a0    ","second_name":"\u0421\u0442\u0440\u0435\u043b\u043a\u043e\u0432\u0430","user_id":"818810"},{"created_at":"2021-01-23T20:19:02","first_name":"\u0412\u0438\u0440\u0433\u0438\u043d\u0438\u044f","message":"    Oh, pity. (He sighs.) I would have like to have held it one last time. \u00a0 The last pages are for you Sam. Seventeen! Eighteen! Nineteen! Twenty! Twenty-one!","second_name":"\u041d\u0430\u0443\u043c\u043e\u0432\u0430","user_id":"795341"},{"created_at":"2021-01-23T13:38:10","first_name":"\u0410\u043d\u0442\u043e\u043d","message":"CHAAAAARGE! Ten thousand? Not a word.","second_name":"\u041b\u0430\u0432\u0440\u0435\u043d\u0442\u044c\u0435\u0432","user_id":"489114"},{"created_at":"2021-01-23T20:02:39","first_name":"\u0412\u0430\u0440\u043b\u0430\u0430\u043c","message":" Mae carnen, Brego,     mellon n'n.      My friends, , you bow to     no-one. \u00a0 No. Not its business. Leave us alone!","second_name":"\u0413\u0435\u0440\u0430\u0441\u0438\u043c\u043e\u0432","user_id":"433718"},{"created_at":"2021-01-23T01:41:18","first_name":"\u0410\u043c\u0438\u043d","message":"Frodo!   Well, , that's not  so bad.    \u00a0 Wake up! , Wake up!     ,Wake up sleepies! We must go, yes, we must go at once. \u00a0","second_name":"\u041c\u0430\u043c\u043e\u043d\u0442\u043e\u0432","user_id":"118116"},{"created_at":"2021-01-23T04:14:59","first_name":"\u0414\u0435\u0431\u043e\u0440\u0430","message":"Now, don't be hasty, Master Meriadoc.      \u00a0 That's a filthy lie!\u00a0 ,\u00a0     You stinking, two faced sneak!\u00a0 \u00a0 Grima'. Come down! Be free of him!","second_name":"\u0413\u0443\u043b\u044f\u0435\u0432\u0430","user_id":"843703"},{"created_at":"2021-01-23T17:03:13","first_name":"\u0422\u0430\u0438\u0440\u0430","message":"Rohan has deserted us!  Exactly.      , Bar-hrum.      Gimli!","second_name":"\u0410\u043a\u0441\u0451\u043d\u043e\u0432\u0430","user_id":"120908"},{"created_at":"2021-01-23T12:44:02","first_name":"\u0410\u043d\u0430\u0442\u043e\u043b\u0438\u0439","message":"A mug of ale in my hand. Putting my feet up on a settle after a hard     day's work. Bring your pretty face to my axe. Mr Frodo!","second_name":"\u0427\u0435\u0440\u043d\u043e\u0432","user_id":"264824"},{"created_at":"2021-01-23T23:55:24","first_name":"\u0413\u0430\u0432\u0440\u0438\u0438\u043b","message":"Where is he? Where is Gondor's finest? Where's my first-born? I wonder if people will ever say,      \"Let's hear about Frodo and the Ring.\"      And they'll say,      \"Yes! That's one of my favourite stories.\"      \"Frodo was really courageous, wasn't he, Dad? \"      \"Yes, my boy. ,The most famousest of Hobbits.      And that's saying a lot.\",\u00a0     I can fight.","second_name":"\u0422\u0440\u043e\u0444\u0438\u043c\u043e\u0432","user_id":"480453"},{"created_at":"2021-01-23T10:06:20","first_name":"\u0424\u0430\u0437\u0438\u043b\u044c","message":"Not before Mr Frodo's had something to eat. I will kill you if you touch him. Up! Quickly!","second_name":"\u041f\u0435\u0442\u0440\u043e\u0432","user_id":"227886"},{"created_at":"2021-01-23T06:36:45","first_name":"\u0422\u0438\u0433\u0440\u0430\u043d","message":"\"Samwise the Brave.\"      Tangado a chadad! Did they hit anything?,\u00a0    ","second_name":"\u0421\u0435\u043b\u0435\u0437\u043d\u0451\u0432","user_id":"240807"},{"created_at":"2021-01-23T12:57:26","first_name":"\u0410\u0441\u0438\u044f","message":"This is not our war.,\u00a0     Yes. Exactly.,If we go south, we can slip      past Saruman unnoticed. The closer we are to danger, the farther we are from harm.      It's the last thing he'll expect.      \u00a0 To few have come.\u00a0 We cannot defeat the armies of Mordor.","second_name":"\u041f\u043e\u043d\u043e\u043c\u0430\u0440\u0451\u0432\u0430","user_id":"699108"},{"created_at":"2021-01-23T04:38:57","first_name":"\u0425\u043b\u043e\u044f","message":"DEATH! It's me. It's your Sam. Don't you know your Sam? Come on, keep up.      \u00a0    ","second_name":"\u0418\u0441\u0430\u043a\u043e\u0432\u0430","user_id":"263131"},{"created_at":"2021-01-23T17:21:56","first_name":"\u0410\u0443\u0440\u0435\u043b\u0438\u044f","message":"Stay where you are! There are no travelers in this land.Only servants of the Dark Tower. Po-ta-toes.","second_name":"\u0417\u0438\u043c\u0438\u043d\u0430","user_id":"309503"},{"created_at":"2021-01-23T15:58:10","first_name":"\u0417\u0430\u0440\u0435\u043c\u0430","message":"Hannon le. Form up, move out! Form up, move out! \u00a0 What does that mean? What's wrong?\u00a0 He looks at Gandalf.","second_name":"\u0410\u0440\u0445\u0438\u043f\u043e\u0432\u0430","user_id":"396989"},{"created_at":"2021-01-23T11:15:35","first_name":"\u0418\u0441\u0430","message":"They will break upon this fortress like water on rock.    ,Saruman's     hordes will pillage and burn.    We've seen it before. Crops can be resown......homes rebuilt. Within these     walls......we will outlast them.\u00a0 There is no time. War is upon us. Secure the gate. Throw another one over here!","second_name":"\u0412\u0438\u0448\u043d\u044f\u043a\u043e\u0432","user_id":"290865"},{"created_at":"2021-01-23T19:07:03","first_name":"\u041b\u043e\u043b\u0438\u0442\u0430","message":"DEATH! Call him names.Run him down all the time. I will not yield the River and Pellenor unfought.\u00a0 Osgiliath must be     retaken.","second_name":"\u0411\u043e\u0431\u044b\u043b\u0451\u0432\u0430","user_id":"887043"},{"created_at":"2021-01-23T07:54:05","first_name":"\u042d\u043b\u044c\u0434\u0430\u0440","message":"    Whatever happens, stay with me. I'll look after you. \u00a0 Good! I do not doubt his heart, only the reach of his arm.\u00a0    \u00a0","second_name":"\u0421\u043e\u043a\u043e\u043b\u043e\u0432","user_id":"563084"},{"created_at":"2021-01-23T09:38:04","first_name":"\u041c\u0438\u0440\u0430","message":"He was twitching......because he's got my axe ,embedded in his nervous system!      \u00a0     He's here. He's alive!","second_name":"\u0425\u043e\u044
[...]
8\u043b\u044c\u043d\u0438\u043a\u043e\u0432","user_id":"667848"},{"created_at":"2021-01-23T22:40:59","first_name":"\u0411\u0440\u0443\u043d\u043e","message":"No. No. Oh Smeagol Ive got one! , Ive got a fish Smeagol, Smeagol!     Aragorn?","second_name":"\u0422\u0430\u0440\u0430\u0441\u043e\u0432","user_id":"489837"},{"created_at":"2021-01-23T08:18:32","first_name":"\u0422\u0430\u043b\u0438\u043a","message":"  White shores and beyond,  a far green country under a swift sunrise.     \u00a0 No. Not master. That there's some good in this world, Mr. Frodo. And it's worth fighting for.      \u00a0    ","second_name":"\u0422\u0438\u043c\u043e\u0444\u0435\u0435\u0432","user_id":"734564"},{"created_at":"2021-01-23T21:36:43","first_name":"\u0423\u0441\u0442\u0438\u043d\u0430","message":"Why are you doing this?\u00a0 The war lies to the East.\u00a0 You cannot leave on     the eve of battle.\u00a0 You cannot abandon the men. What does he mean? Not anymore.","second_name":"\u0421\u0430\u0437\u043e\u043d\u043e\u0432\u0430","user_id":"881401"},{"created_at":"2021-01-23T09:30:49","first_name":"\u041d\u043e\u043d\u043d\u0430","message":"  We do not come to treat with Sauron, faithless and accursed.    Tell your master this.  The armies of Mordor must disband.  He is to depart these lands, never to return.\u00a0    \u00a0     ,And thus     it was a Fourth Age of Middle Earth began. And the Fellowship of the Ring,     though eternally bound by friendship and love was ended.            Thirteen months to the day since Gandalf sent us on our long journey we find     ourselves looking upon a familiar sight. \u00a0 There are those that dwell in the mountain.","second_name":"\u041c\u0430\u0440\u0442\u044b\u043d\u043e\u0432\u0430","user_id":"545833"},{"created_at":"2021-01-23T02:28:16","first_name":"\u0412\u0435\u0441\u043d\u0430","message":"    Oh, pity. (He sighs.) I would have like to have held it one last time. \u00a0 Watch our backs! Gimli!","second_name":"\u0411\u043b\u0438\u043d\u043e\u0432\u0430","user_id":"121199"},{"created_at":"2021-01-23T12:22:08","first_name":"\u042d\u043b\u0438\u0430\u043d\u0430","message":"I do not doubt his heart, only the reach of his arm.\u00a0    \u00a0 Come Hobbitses, very close now. Very close to Mordor. No safe places here. Hurry. \u00a0 No Sam!\u00a0 It's you!\u00a0 ,\u00a0     I'm sorry Sam.\u00a0 \u00a0","second_name":"\u041a\u043e\u0440\u043d\u0438\u043b\u043e\u0432\u0430","user_id":"847617"},{"created_at":"2021-01-23T09:11:53","first_name":"\u0410\u0433\u0430\u0444\u043e\u043d","message":"That's a filthy lie!\u00a0 ,\u00a0     You stinking, two faced sneak!\u00a0 \u00a0 Dolen i v'd o nin. Out!","second_name":"\u041a\u0443\u043b\u0438\u043a\u043e\u0432","user_id":"430354"},{"created_at":"2021-01-23T12:12:37","first_name":"\u041d\u0438\u043d\u0430","message":"For death and glory. It's true, you don't seemany Dwarf women.And in fact, they are so alikein voice and appearance......that they're often mistakenfor Dwarf men.\u00a0 Call him names.Run him down all the time.","second_name":"\u0410\u043d\u0442\u043e\u043d\u043e\u0432\u0430","user_id":"308311"},{"created_at":"2021-01-23T06:48:44","first_name":"\u0410\u043d\u0443\u0444\u0440\u0438\u0439","message":"Hasty? Our friends are out there. ,They need our help. They cannot fight this war on their own.      \u00a0 Not listening. I'm not listening. Oooohhh!","second_name":"\u0411\u0430\u0440\u0430\u043d\u043e\u0432","user_id":"440273"},{"created_at":"2021-01-23T16:18:34","first_name":"\u041c\u0438\u043b\u043e\u0441\u043b\u0430\u0432\u0430","message":"My men tell me that you are Orc spies. Let's hope they last the night. Captain Faramir! ,We     found the third one.\u00a0","second_name":"\u0413\u0430\u0432\u0440\u0438\u043b\u043e\u0432\u0430","user_id":"581604"},{"created_at":"2021-01-23T07:30:18","first_name":"\u0410\u0433\u0430\u043f\u0438\u044f","message":"It's dark still. They cursed us Eomer.,\u00a0    ","second_name":"\u0420\u044f\u0431\u043e\u0432\u0430","user_id":"126361"},{"created_at":"2021-01-23T18:34:09","first_name":"\u0420\u043e\u043c\u0430\u043d","message":"What's to ruin? There's hardly any meaton them. I don't believe it. I don't believe you.","second_name":"\u041c\u0435\u0434\u0432\u0435\u0434\u0435\u0432","user_id":"785883"},{"created_at":"2021-01-23T10:56:41","first_name":"\u0424\u0430\u0434\u0435\u0439","message":"Oh! , That's     it, right, we warned you! Prepare to be boarded! \u00a0 One that is cursed. Long ago the men of the mountains swore an oath to     the last King of Gondor , to come to his aid, to fight. But when     the time came, when Gondor's need was dire, they fled vanishing into the     darkness of the mountain. And so Isildur cursed them, never to rest until     they had fulfilled their pledge. Who shall call them from the grey twilight,     the forgotten people? The heir of him to whom the oath they swore. From the     North shall he come, need shall drive him. He shall pass the door to the     Paths of the Dead. \u00a0 That will depend on the manner of your return.","second_name":"\u0416\u0443\u043a\u043e\u0432","user_id":"529133"},{"created_at":"2021-01-23T18:03:09","first_name":"\u0414\u0430\u043d\u0438\u0438\u043b","message":"They have business with the Orcs. My business is with lsengard tonight......with rock and stone. As one of his companions, I'd hoped you would tell me.\u00a0 That one counts as mine! ,Stinking creature.\u00a0","second_name":"\u0415\u0432\u0434\u043e\u043a\u0438\u043c\u043e\u0432","user_id":"326048"},{"created_at":"2021-01-23T23:04:06","first_name":"\u0418\u0435\u0440\u043e\u043d\u0438\u043c","message":"Cirith Ungol?,\u00a0     That blade was broken! My lady!","second_name":"\u041a\u0430\u0437\u0430\u043a\u043e\u0432","user_id":"327724"},{"created_at":"2021-01-23T02:05:52","first_name":"\u041c\u0435\u043b\u0430\u043d\u0438\u044f","message":"My precious! Now, Mr. Frodo, you shouldn't make fun. I was being serious.\u00a0      \u00a0     O man pedich?","second_name":"\u0414\u0435\u043c\u0435\u043d\u0442\u044c\u0435\u0432\u0430","user_id":"521698"},{"created_at":"2021-01-23T22:15:19","first_name":"\u041e\u0434\u0435\u0442\u0442\u0430","message":"(    Gondor?! Where was Gondor when the Westfold fell?! Where was Gondor when our     enemies closed in around us?! Where was Gon--? ,No, my Lord     Aragorn......we are alone. ,Get the women and children     into the caves.\u00a0 Take them down! NO! Aaahhh","second_name":"\u041e\u0441\u0438\u043f\u043e\u0432\u0430","user_id":"563187"},{"created_at":"2021-01-23T12:29:51","first_name":"\u042d\u043b\u044c\u0432\u0438\u043d\u0430","message":"This is how you would serve your city?\u00a0 You would risk its utter     ruin? This was yours? Not anymore.","second_name":"\u0412\u0438\u0448\u043d\u044f\u043a\u043e\u0432\u0430","user_id":"124224"},{"created_at":"2021-01-23T19:43:46","first_name":"\u0414\u043e\u0440\u043e\u0444\u0435\u0439","message":"What is this place? No. My place is here with     my people. ,Not in Rivendell.\u00a0 Throw another one over here!","second_name":"\u0421\u0442\u0440\u0435\u043b\u043a\u043e\u0432","user_id":"680850"},{"created_at":"2021-01-23T00:53:13","first_name":"\u0410\u0440\u043a\u0430\u0434\u0438\u0439","message":"You wish now that our places had been exchanged.\u00a0 That I had died and     Boromir had lived. No! We can't hold them.\u00a0 The city is lost.","second_name":"\u0421\u043e\u043b\u043e\u0432\u044c\u0451\u0432","user_id":"559354"},{"created_at":"2021-01-23T18:49:43","first_name":"\u0410\u0440\u0438\u0441\u0442\u0430\u0440\u0445","message":"Why? So there's no hard feelings. Forgive and forget. Oh! Well here is a sight I have never seen before.","second_name":"\u0420\u043e\u043c\u0430\u043d\u043e\u0432","user_id":"646414"},{"created_at":"2021-01-23T15:06:18","first_name":"\u0412\u0435\u043d\u0435\u0440\u0430","message":"The last pages are for you Sam. The rock and pool    Is nice and cool    So juicy sweet    Our only wish    To catch a fish    So juicy sweet Take them down!","second_name":"\u041f\u043e\u0442\u0430\u043f\u043e\u0432\u0430","user_id":"738331"},{"created_at":"2021-01-23T19:47:27","first_name":"\u0418\u0433\u043d\u0430\u0442\u0438\u0439","message":"Arrghh! Have you learnt nothing of the stubbornness of     dwarves? Spies? Now wait just a minute.","second_name":"\u041c\u043e\u043b\u0447\u0430\u043d\u043e\u0432","user_id":"154904"},{"created_at":"2021-01-23T02:47:27","first_name":"\u041f\u043e\u0440\u0444\u0438\u0440\u0438\u0439","message":"I come on behalf of one whom I love.\u00a0 Arwen is dying.\u00a0 She will not long     survive the evil that now spreads from Mordor.\u00a0 The light of the evenstar is     failing.\u00a0 As Sauron's power grows her strength wanes.\u00a0 Arwen's life is now     tied to the fate of the Ring.\u00a0 The Shadow is upon us Aragorn.\u00a0 The end has     come. There is still hope. We must go now?","second_name":"\u0410\u0433\u0430\u0444\u043e\u043d\u043e\u0432","user_id":"661679"},{"created_at":"2021-01-23T03:33:14","first_name":"\u041c\u0438\u043b\u0430","message":"I'm on 17! I have told your names to the Entmoot......and we have agreed......you are not      Orcs.,\u00a0     There is one passage. It leads into the mountains. But they will not get far.      The Uruk-hai are too many.","second_name":"\u041a\u043e\u043d\u043e\u043d\u043e\u0432\u0430","user_id":"769184"},{"created_at":"2021-01-23T00:12:25","first_name":"\u0417\u0430\u0431\u0430\u0432\u0430","message":"Stay out of the forest! Keep away from the trees! Gimli, where is the king? \u00a0 You stink of horse.The Man......was he from Gondor?","second_name":"\u041e\u0432\u0447\u0438\u043d\u043d\u0438\u043a\u043e\u0432\u0430","user_id":"642866"},{"created_at":"2021-01-23T11:55:22","first_name":"\u0417\u0430\u043c\u0438\u0440\u0430","message":"You said this fortress would never fall while your men defend it.      They still defend it. They have died defending it. Ready to do what? DEATH!","second_name":"\u0421\u0430\u043c\u043e\u0439\u043b\u043e\u0432\u0430","user_id":"345124"},{"created_at":"2021-01-23T03:56:38","first_name":"\u0415\u0444\u0440\u0435\u043c","message":"What are you up to?\u00a0 Sneaking off are we? Our time here is ending.Arwen's time is ending.Let her go.Let her take the ship into the west.Let her bear away her love for youto the Undying Lands.There it will be ever green. For what?","second_name":"\u041a\u043e\u0442\u043e\u0432","user_id":"459881"},{"created_at":"2021-01-23T10:03:54","first_name":"\u0420\u043e\u0433\u043d\u0435\u0434\u0430","message":"Where are the riders from Snowbourn?  Theoden King stands alone.,\u00a0      \u00a0     It wasn't us. It wasn't us. ,Smeagol wouldn't hurt master. We promised. You must believe us. It was the precious. The precious made us do it. \u00a0","second_name":"\u0411\u043b\u043e\u0445\u0438\u043d\u0430","user_id":"450542"},{"created_at":"2021-01-23T14:45:24","first_name":"\u0428\u0435\u0439\u043b\u0430","message":"  Come along you scum! ,  I'll whip you down to the bone!  Come on!  What have I told you.    ,  Get up!    ,  Come on you slugs!  You two are going straight to the front line!  Move it, come on!  Fall in!  Move it! Move it! Move it!\u00a0    \u00a0 Form up, move out! Form up, move out! \u00a0 Fight them back! ,Peregrin Took! Go back to the Citadel.\u00a0","second_name":"\u041c\u043e\u0438\u0441\u0435\u0435\u0432\u0430","user_id":"512424"},{"created_at":"2021-01-23T15:50:50","first_name":"\u041b\u0430\u0432\u0440\u0435\u043d\u0442\u0438\u0439","message":"Who are you to deny us passage? Pull everybody back. Pull them back. He was twitching.","second_name":"\u0415\u0440\u043c\u0430\u043a\u043e\u0432","user_id":"197209"},{"created_at":"2021-01-23T12:33:23","first_name":"\u041d\u0438\u043b\u044c\u0441","message":"Nineteen! But never more than memory. The enemy? ,His sense of duty was no lessthan yours, I deem.,You wonder what his name is......where he came from.,And if he was really evil at heart.,What lies or threats led himon this long march from home.,If he would not rather have stayed there......in peace.,War will make corpses of us all.,Bind their hands.","second_name":"\u0421\u0430\u0432\u0438\u043d","user_id":"266503"},{"created_at":"2021-01-23T18:37:30","first_name":"\u0420\u0435\u0433\u0438\u043d\u0430","message":"Give us that! Deagol my love Is this it? Is this is all you can conjure      Saruman? Haldir!","second_name":"\u0421\u0442\u0435\u043f\u0430\u043d\u043e\u0432\u0430","user_id":"259613"},{"created_at":"2021-01-23T16:47:32","first_name":"\u041f\u043b\u0430\u0442\u043e\u043d","message":"I do not fear death! What's happening, where is he going?\u00a0 I don't understand.\u00a0 (, Lord Aragorn!\u00a0 Why does     he leave on the eve of battle?\u00a0 \u00a0   Late as usual, pirate scum. ,  There's knifework here needs doing. Come on you sea rats, get off your ships.\u00a0    \u00a0","second_name":"\u0424\u0451\u0434\u043e\u0440\u043e\u0432","user_id":"592608"},{"created_at":"2021-01-23T14:56:39","first_name":"\u0420\u0430\u0432\u0438\u043b\u044c","message":"Come on!  Faster! Gollum says there's a path......near Minas Morgul that climbs up into the mountains.,\u00a0     You're a lying rat!\u00a0 What did you do with it?","second_name":"\u0429\u0435\u0440\u0431\u0430\u043a\u043e\u0432","user_id":"568998"},{"created_at":"2021-01-23T20:24:19","first_name":"\u0415\u043b\u0438\u0437\u0430\u0440","message":"I'm sorry uncle. I'm afraid I lost it. I'm sorry, Treebeard.      \u00a0 Pippin! Hold on!","second_name":"\u0428\u0430\u0448\u043a\u043e\u0432","user_id":"126491"},{"created_at":"2021-01-23T15:58:02","first_name":"\u0423\u0441\u0442\u0438\u043d\u0430","message":"Open the gate, quick! \u00a0  The dead?     Summoned? I knew that! Huh. Huh. , Very good. Very good. , Legolas! \u00a0 Prepare for battle. Hurry men! To the wall! Defend the wall! Over here!     Return to your posts.","second_name":"\u0421\u0430\u0437\u043e\u043d\u043e\u0432\u0430","user_id":"881401"},{"created_at":"2021-01-23T00:58:27","first_name":"\u0410\u043d\u0443\u0444\u0440\u0438\u0439","message":"Even you couldn't say no to that. Sneaking. Sam!","second_name":"\u0417\u0430\u0445\u0430\u0440\u043e\u0432","user_id":"359445"},{"created_at":"2021-01-23T00:55:06","first_name":"\u0413\u0440\u0430\u0434\u0438\u043c\u0438\u0440","message":"Would you deny your own father? We were home. What you judged to be right!\u00a0 You sent the Ring of power into Mordor in     the hands of a witless Halfling!\u00a0 It should have been brought back to the     citadel to be kept safe. Hidden.\u00a0 Dark and deep in the vaults' not to be     used.\u00a0 ,\u00a0     unless, at the uttermost end of need.\u00a0","second_name":"\u0424\u0430\u0434\u0435\u0435\u0432","user_id":"639699"}]}

]]></system-out>
  <system-err><![CDATA[Thu May 06 14:59:36 MSK 2021 WARN: Establishing SSL connection without server's identity verification is not recommended. According to MySQL 5.5.45+, 5.6.26+ and 5.7.6+ requirements SSL connection must be established by default if explicit option isn't set. For compliance with existing applications not using SSL the verifyServerCertificate property is set to 'false'. You need either to explicitly disable SSL by setting useSSL=false, or set useSSL=true and provide truststore for server certificate verification.
Thu May 06 14:59:36 MSK 2021 WARN: Establishing SSL connection without server's identity verification is not recommended. According to MySQL 5.5.45+, 5.6.26+ and 5.7.6+ requirements SSL connection must be established by default if explicit option isn't set. For compliance with existing applications not using SSL the verifyServerCertificate property is set to 'false'. You need either to explicitly disable SSL by setting useSSL=false, or set useSSL=true and provide truststore for server certificate verification.
Thu May 06 14:59:36 MSK 2021 WARN: Establishing SSL connection without server's identity verification is not recommended. According to MySQL 5.5.45+, 5.6.26+ and 5.7.6+ requirements SSL connection must be established by default if explicit option isn't set. For compliance with existing applications not using SSL the verifyServerCertificate property is set to 'false'. You need either to explicitly disable SSL by setting useSSL=false, or set useSSL=true and provide truststore for server certificate verification.
Thu May 06 14:59:36 MSK 2021 WARN: Establishing SSL connection without server's identity verification is not recommended. According to MySQL 5.5.45+, 5.6.26+ and 5.7.6+ requirements SSL connection must be established by default if explicit option isn't set. For compliance with existing applications not using SSL the verifyServerCertificate property is set to 'false'. You need either to explicitly disable SSL by setting useSSL=false, or set useSSL=true and provide truststore for server certificate verification.
Thu May 06 14:59:36 MSK 2021 WARN: Establishing SSL connection without server's identity verification is not recommended. According to MySQL 5.5.45+, 5.6.26+ and 5.7.6+ requirements SSL connection must be established by default if explicit option isn't set. For compliance with existing applications not using SSL the verifyServerCertificate property is set to 'false'. You need either to explicitly disable SSL by setting useSSL=false, or set useSSL=true and provide truststore for server certificate verification.
Thu May 06 14:59:36 MSK 2021 WARN: Establishing SSL connection without server's identity verification is not recommended. According to MySQL 5.5.45+, 5.6.26+ and 5.7.6+ requirements SSL connection must be established by default if explicit option isn't set. For compliance with existing applications not using SSL the verifyServerCertificate property is set to 'false'. You need either to explicitly disable SSL by setting useSSL=false, or set useSSL=true and provide truststore for server certificate verification.
Thu May 06 14:59:36 MSK 2021 WARN: Establishing SSL connection without server's identity verification is not recommended. According to MySQL 5.5.45+, 5.6.26+ and 5.7.6+ requirements SSL connection must be established by default if explicit option isn't set. For compliance with existing applications not using SSL the verifyServerCertificate property is set to 'false'. You need either to explicitly disable SSL by setting useSSL=false, or set useSSL=true and provide truststore for server certificate verification.
Thu May 06 14:59:36 MSK 2021 WARN: Establishing SSL connection without server's identity verification is not recommended. According to MySQL 5.5.45+, 5.6.26+ and 5.7.6+ requirements SSL connection must be established by default if explicit option isn't set. For compliance with existing applications not using SSL the verifyServerCertificate property is set to 'false'. You need either to explicitly disable SSL by setting useSSL=false, or set useSSL=true and provide truststore for server certificate verification.
Thu May 06 14:59:36 MSK 2021 WARN: Establishing SSL connection without server's identity verification is not recommended. According to MySQL 5.5.45+, 5.6.26+ and 5.7.6+ requirements SSL connection must be established by default if explicit option isn't set. For compliance with existing applications not using SSL the verifyServerCertificate property is set to 'false'. You need either to explicitly disable SSL by setting useSSL=false, or set useSSL=true and provide truststore for server certificate verification.
Thu May 06 14:59:36 MSK 2021 WARN: Establishing SSL connection without server's identity verification is not recommended. According to MySQL 5.5.45+, 5.6.26+ and 5.7.6+ requirements SSL connection must be established by default if explicit option isn't set. For compliance with existing applications not using SSL the verifyServerCertificate property is set to 'false'. You need either to explicitly disable SSL by setting useSSL=false, or set useSSL=true and provide truststore for server certificate verification.
]]></system-err>
</testsuite>
